Using pre-set license
Built from '2021.3/staging' branch; Version is '2021.3.7f1 (24e8595d6d43) revision 2418777'; Using compiler version '192829333'; Build Type 'Release'
OS: 'Windows 10  (10.0.19043) 64bit Professional' Language: 'ru' Physical Memory: 16332 MB
BatchMode: 1, IsHumanControllingUs: 0, StartBugReporterOnCrash: 0, Is64bit: 1, IsPro: 1

COMMAND LINE ARGUMENTS:
D:\Unity Versions\2021.3.7f1\Editor\Unity.exe
-adb2
-batchMode
-noUpm
-name
AssetImportWorker4
-projectPath
D:/Combination/Combination
-logFile
Logs/AssetImportWorker4.log
-srvPort
57929
Successfully changed project path to: D:/Combination/Combination
D:/Combination/Combination
[UnityMemory] Configuration Parameters - Can be set up in boot.config
    "memorysetup-bucket-allocator-granularity=16"
    "memorysetup-bucket-allocator-bucket-count=8"
    "memorysetup-bucket-allocator-block-size=33554432"
    "memorysetup-bucket-allocator-block-count=8"
    "memorysetup-main-allocator-block-size=16777216"
    "memorysetup-thread-allocator-block-size=16777216"
    "memorysetup-gfx-main-allocator-block-size=16777216"
    "memorysetup-gfx-thread-allocator-block-size=16777216"
    "memorysetup-cache-allocator-block-size=4194304"
    "memorysetup-typetree-allocator-block-size=2097152"
    "memorysetup-profiler-bucket-allocator-granularity=16"
    "memorysetup-profiler-bucket-allocator-bucket-count=8"
    "memorysetup-profiler-bucket-allocator-block-size=33554432"
    "memorysetup-profiler-bucket-allocator-block-count=8"
    "memorysetup-profiler-allocator-block-size=16777216"
    "memorysetup-profiler-editor-allocator-block-size=1048576"
    "memorysetup-temp-allocator-size-main=16777216"
    "memorysetup-job-temp-allocator-block-size=2097152"
    "memorysetup-job-temp-allocator-block-size-background=1048576"
    "memorysetup-job-temp-allocator-reduction-small-platforms=262144"
    "memorysetup-temp-allocator-size-background-worker=32768"
    "memorysetup-temp-allocator-size-job-worker=262144"
    "memorysetup-temp-allocator-size-preload-manager=33554432"
    "memorysetup-temp-allocator-size-nav-mesh-worker=65536"
    "memorysetup-temp-allocator-size-audio-worker=65536"
    "memorysetup-temp-allocator-size-cloud-worker=32768"
    "memorysetup-temp-allocator-size-gi-baking-worker=262144"
    "memorysetup-temp-allocator-size-gfx=262144"
Refreshing native plugins compatible for Editor in 137.90 ms, found 3 plugins.
Preloading 0 native plugins for Editor in 0.00 ms.
Initialize engine version: 2021.3.7f1 (24e8595d6d43)
[Subsystems] Discovering subsystems at path D:/Unity Versions/2021.3.7f1/Editor/Data/Resources/UnitySubsystems
[Subsystems] Discovering subsystems at path D:/Combination/Combination/Assets
GfxDevice: creating device client; threaded=0; jobified=0
Direct3D:
    Version:  Direct3D 11.0 [level 11.1]
    Renderer: NVIDIA GeForce GTX 1060 6GB (ID=0x1c03)
    Vendor:   NVIDIA
    VRAM:     6052 MB
    Driver:   30.0.15.1215
Initialize mono
Mono path[0] = 'D:/Unity Versions/2021.3.7f1/Editor/Data/Managed'
Mono path[1] = 'D:/Unity Versions/2021.3.7f1/Editor/Data/MonoBleedingEdge/lib/mono/unityjit-win32'
Mono config path = 'D:/Unity Versions/2021.3.7f1/Editor/Data/MonoBleedingEdge/etc'
Using monoOptions --debugger-agent=transport=dt_socket,embedding=1,server=y,suspend=n,address=127.0.0.1:56500
Begin MonoManager ReloadAssembly
Registering precompiled unity dll's ...
Register platform support module: D:/Unity Versions/2021.3.7f1/Editor/Data/PlaybackEngines/WebGLSupport/UnityEditor.WebGL.Extensions.dll
Register platform support module: D:/Unity Versions/2021.3.7f1/Editor/Data/PlaybackEngines/AndroidPlayer/UnityEditor.Android.Extensions.dll
Register platform support module: D:/Unity Versions/2021.3.7f1/Editor/Data/PlaybackEngines/WindowsStandaloneSupport/UnityEditor.WindowsStandalone.Extensions.dll
Register platform support module: D:/Unity Versions/2021.3.7f1/Editor/Data/PlaybackEngines/MetroSupport/UnityEditor.UWP.Extensions.dll
Registered in 0.004646 seconds.
Native extension for UWP target not found
Native extension for WindowsStandalone target not found
Native extension for Android target not found
Native extension for WebGL target not found
Refreshing native plugins compatible for Editor in 145.20 ms, found 3 plugins.
Preloading 0 native plugins for Editor in 0.00 ms.
Mono: successfully reloaded assembly
- Completed reload, in  0.959 seconds
Domain Reload Profiling:
	ReloadAssembly (960ms)
		BeginReloadAssembly (96ms)
			ExecutionOrderSort (0ms)
			DisableScriptedObjects (0ms)
			BackupInstance (0ms)
			ReleaseScriptingObjects (0ms)
			CreateAndSetChildDomain (1ms)
		EndReloadAssembly (713ms)
			LoadAssemblies (96ms)
			RebuildTransferFunctionScriptingTraits (0ms)
			SetupTypeCache (180ms)
			ReleaseScriptCaches (0ms)
			RebuildScriptCaches (35ms)
			SetupLoadedEditorAssemblies (433ms)
				LogAssemblyErrors (0ms)
				InitializePlatformSupportModulesInManaged (77ms)
				SetLoadedEditorAssemblies (0ms)
				RefreshPlugins (145ms)
				BeforeProcessingInitializeOnLoad (2ms)
				ProcessInitializeOnLoadAttributes (150ms)
				ProcessInitializeOnLoadMethodAttributes (59ms)
				AfterProcessingInitializeOnLoad (0ms)
				EditorAssembliesLoaded (0ms)
			ExecutionOrderSort2 (0ms)
			AwakeInstancesAfterBackupRestoration (0ms)
Platform modules already initialized, skipping
Registering precompiled user dll's ...
Registered in 0.008035 seconds.
Begin MonoManager ReloadAssembly
Symbol file LoadedFromMemory doesn't match image D:\Combination\Combination\Library\PackageCache\com.unity.visualscripting@1.7.8\Editor\VisualScripting.Core\Dependencies\YamlDotNet\Unity.VisualScripting.YamlDotNet.dll
Symbol file LoadedFromMemory doesn't match image D:\Combination\Combination\Library\PackageCache\com.unity.visualscripting@1.7.8\Editor\VisualScripting.Core\Dependencies\DotNetZip\Unity.VisualScripting.IonicZip.dll
Native extension for UWP target not found
Native extension for WindowsStandalone target not found
Native extension for Android target not found
Native extension for WebGL target not found
Refreshing native plugins compatible for Editor in 122.80 ms, found 3 plugins.
Preloading 0 native plugins for Editor in 0.00 ms.
Mono: successfully reloaded assembly
- Completed reload, in  1.673 seconds
Domain Reload Profiling:
	ReloadAssembly (1674ms)
		BeginReloadAssembly (236ms)
			ExecutionOrderSort (0ms)
			DisableScriptedObjects (7ms)
			BackupInstance (0ms)
			ReleaseScriptingObjects (0ms)
			CreateAndSetChildDomain (135ms)
		EndReloadAssembly (1308ms)
			LoadAssemblies (100ms)
			RebuildTransferFunctionScriptingTraits (0ms)
			SetupTypeCache (341ms)
			ReleaseScriptCaches (1ms)
			RebuildScriptCaches (77ms)
			SetupLoadedEditorAssemblies (739ms)
				LogAssemblyErrors (0ms)
				InitializePlatformSupportModulesInManaged (16ms)
				SetLoadedEditorAssemblies (0ms)
				RefreshPlugins (123ms)
				BeforeProcessingInitializeOnLoad (118ms)
				ProcessInitializeOnLoadAttributes (380ms)
				ProcessInitializeOnLoadMethodAttributes (97ms)
				AfterProcessingInitializeOnLoad (4ms)
				EditorAssembliesLoaded (0ms)
			ExecutionOrderSort2 (0ms)
			AwakeInstancesAfterBackupRestoration (8ms)
Platform modules already initialized, skipping
========================================================================
Worker process is ready to serve import requests
Launched and connected shader compiler UnityShaderCompiler.exe after 0.09 seconds
Refreshing native plugins compatible for Editor in 1.06 ms, found 3 plugins.
Preloading 0 native plugins for Editor in 0.00 ms.
Unloading 5539 Unused Serialized files (Serialized files now loaded: 0)
Unloading 51 unused Assets / (0.8 MB). Loaded Objects now: 5993.
Memory consumption went from 216.7 MB to 215.9 MB.
Total: 4.590100 ms (FindLiveObjects: 0.519000 ms CreateObjectMapping: 0.158600 ms MarkObjects: 3.564700 ms  DeleteObjects: 0.346500 ms)

AssetImportParameters requested are different than current active one (requested -> active):
  custom:video-decoder-ogg-theora: a1e56fd34408186e4bbccfd4996cb3dc -> 
  custom:container-muxer-webm: aa71ff27fc2769a1b78a27578f13a17b -> 
  custom:container-demuxer-webm: 4f35f7cbe854078d1ac9338744f61a02 -> 
  custom:video-encoder-webm-vp8: eb34c28f22e8b96e1ab97ce403110664 -> 
  custom:video-codec-MediaFoundation-h265: e54d7ab0439102e2317fc1e4b246158d -> 
  custom:audio-encoder-webm-vorbis: bf7c407c2cedff20999df2af8eb42d56 -> 
  custom:framework-win-MediaFoundation: 216162199b28c13a410421893ffa2e32 -> 
  custom:container-demuxer-ogg: 62fdf1f143b41e24485cea50d1cbac27 -> 
  custom:video-decoder-webm-vp8: 9c59270c3fd7afecdb556c50c9e8de78 -> 
  custom:audio-decoder-ogg-vorbis: bf7c407c2cedff20999df2af8eb42d56 -> 
========================================================================
Received Import Request.
  Time since last request: 25726.790798 seconds.
  path: Assets/prefabs/enemy/red/redDamager.prefab
  artifactKey: Guid(6b0a8dc8ea44178488fdc6e95951dcb9) Importer(815301076,1909f56bfc062723c751e8b465ee728b)
Start importing Assets/prefabs/enemy/red/redDamager.prefab using Guid(6b0a8dc8ea44178488fdc6e95951dcb9) Importer(815301076,1909f56bfc062723c751e8b465ee728b)  -> (artifact id: 'a6e22b71edfbbe154d0401b6f21350c0') in 0.324953 seconds 
========================================================================
Received Import Request.
  Time since last request: 0.900521 seconds.
  path: Assets/prefabs/enemy/red/redDamager.prefab
  artifactKey: Guid(6b0a8dc8ea44178488fdc6e95951dcb9) Importer(815301076,1909f56bfc062723c751e8b465ee728b)
Start importing Assets/prefabs/enemy/red/redDamager.prefab using Guid(6b0a8dc8ea44178488fdc6e95951dcb9) Importer(815301076,1909f56bfc062723c751e8b465ee728b)  -> (artifact id: '824eaec5c36bbfce34797fe5eb166c7c') in 0.022262 seconds 
========================================================================
Received Import Request.
  Time since last request: 3.433706 seconds.
  path: Assets/prefabs/enemy/red/redDamager.prefab
  artifactKey: Guid(6b0a8dc8ea44178488fdc6e95951dcb9) Importer(815301076,1909f56bfc062723c751e8b465ee728b)
Start importing Assets/prefabs/enemy/red/redDamager.prefab using Guid(6b0a8dc8ea44178488fdc6e95951dcb9) Importer(815301076,1909f56bfc062723c751e8b465ee728b)  -> (artifact id: '2565033679862181e4dfab296e6cc190') in 0.014420 seconds 
========================================================================
Received Import Request.
  Time since last request: 18.062072 seconds.
  path: Assets/prefabs/enemy/red/redDamager.prefab
  artifactKey: Guid(6b0a8dc8ea44178488fdc6e95951dcb9) Importer(815301076,1909f56bfc062723c751e8b465ee728b)
Start importing Assets/prefabs/enemy/red/redDamager.prefab using Guid(6b0a8dc8ea44178488fdc6e95951dcb9) Importer(815301076,1909f56bfc062723c751e8b465ee728b)  -> (artifact id: 'bbca433c857738887dc78a883b2b0fef') in 0.017467 seconds 
========================================================================
Received Import Request.
  Time since last request: 3.388029 seconds.
  path: Assets/prefabs/enemy/red/redDamager.prefab
  artifactKey: Guid(6b0a8dc8ea44178488fdc6e95951dcb9) Importer(815301076,1909f56bfc062723c751e8b465ee728b)
Start importing Assets/prefabs/enemy/red/redDamager.prefab using Guid(6b0a8dc8ea44178488fdc6e95951dcb9) Importer(815301076,1909f56bfc062723c751e8b465ee728b)  -> (artifact id: 'eeee804aecb6565afbda5e3eed85344c') in 0.035231 seconds 
========================================================================
Received Import Request.
  Time since last request: 11.998393 seconds.
  path: Assets/prefabs/enemy/red/redDamager.prefab
  artifactKey: Guid(6b0a8dc8ea44178488fdc6e95951dcb9) Importer(815301076,1909f56bfc062723c751e8b465ee728b)
Start importing Assets/prefabs/enemy/red/redDamager.prefab using Guid(6b0a8dc8ea44178488fdc6e95951dcb9) Importer(815301076,1909f56bfc062723c751e8b465ee728b)  -> (artifact id: '942c9f01aa739e480acdc1f464ba5224') in 0.014117 seconds 
========================================================================
Received Import Request.
  Time since last request: 4.104970 seconds.
  path: Assets/prefabs/enemy/red/redDamager.prefab
  artifactKey: Guid(6b0a8dc8ea44178488fdc6e95951dcb9) Importer(815301076,1909f56bfc062723c751e8b465ee728b)
Start importing Assets/prefabs/enemy/red/redDamager.prefab using Guid(6b0a8dc8ea44178488fdc6e95951dcb9) Importer(815301076,1909f56bfc062723c751e8b465ee728b)  -> (artifact id: '6e11396949e37f440d22e5d8de879672') in 0.013906 seconds 
========================================================================
Received Import Request.
  Time since last request: 2.632184 seconds.
  path: Assets/prefabs/enemy/red/redDamager.prefab
  artifactKey: Guid(6b0a8dc8ea44178488fdc6e95951dcb9) Importer(815301076,1909f56bfc062723c751e8b465ee728b)
Start importing Assets/prefabs/enemy/red/redDamager.prefab using Guid(6b0a8dc8ea44178488fdc6e95951dcb9) Importer(815301076,1909f56bfc062723c751e8b465ee728b)  -> (artifact id: '9ebc9c5c77ceaa447ca42a3a7a9437ee') in 0.014180 seconds 
========================================================================
Received Import Request.
  Time since last request: 2.230774 seconds.
  path: Assets/prefabs/enemy/red/redDamager.prefab
  artifactKey: Guid(6b0a8dc8ea44178488fdc6e95951dcb9) Importer(815301076,1909f56bfc062723c751e8b465ee728b)
Start importing Assets/prefabs/enemy/red/redDamager.prefab using Guid(6b0a8dc8ea44178488fdc6e95951dcb9) Importer(815301076,1909f56bfc062723c751e8b465ee728b)  -> (artifact id: '10f68ab3e5344df9b229cf2a7884d980') in 0.036463 seconds 
========================================================================
Received Import Request.
  Time since last request: 2.690971 seconds.
  path: Assets/prefabs/enemy/red/redDamager.prefab
  artifactKey: Guid(6b0a8dc8ea44178488fdc6e95951dcb9) Importer(815301076,1909f56bfc062723c751e8b465ee728b)
Start importing Assets/prefabs/enemy/red/redDamager.prefab using Guid(6b0a8dc8ea44178488fdc6e95951dcb9) Importer(815301076,1909f56bfc062723c751e8b465ee728b)  -> (artifact id: '00196a8f54566931411874f9e4b96b63') in 0.014528 seconds 
========================================================================
Received Import Request.
  Time since last request: 1.416580 seconds.
  path: Assets/prefabs/enemy/red/redDamager.prefab
  artifactKey: Guid(6b0a8dc8ea44178488fdc6e95951dcb9) Importer(815301076,1909f56bfc062723c751e8b465ee728b)
Start importing Assets/prefabs/enemy/red/redDamager.prefab using Guid(6b0a8dc8ea44178488fdc6e95951dcb9) Importer(815301076,1909f56bfc062723c751e8b465ee728b)  -> (artifact id: '8e0d0402147021e4e6147e1f7d7b38b6') in 0.013768 seconds 
========================================================================
Received Import Request.
  Time since last request: 1.230733 seconds.
  path: Assets/prefabs/enemy/red/redDamager.prefab
  artifactKey: Guid(6b0a8dc8ea44178488fdc6e95951dcb9) Importer(815301076,1909f56bfc062723c751e8b465ee728b)
Start importing Assets/prefabs/enemy/red/redDamager.prefab using Guid(6b0a8dc8ea44178488fdc6e95951dcb9) Importer(815301076,1909f56bfc062723c751e8b465ee728b)  -> (artifact id: '3fc6bd83f5696d10a42b9a4bcd2fe933') in 0.013639 seconds 
========================================================================
Received Import Request.
  Time since last request: 3.079505 seconds.
  path: Assets/prefabs/enemy/red/redDamager.prefab
  artifactKey: Guid(6b0a8dc8ea44178488fdc6e95951dcb9) Importer(815301076,1909f56bfc062723c751e8b465ee728b)
Start importing Assets/prefabs/enemy/red/redDamager.prefab using Guid(6b0a8dc8ea44178488fdc6e95951dcb9) Importer(815301076,1909f56bfc062723c751e8b465ee728b)  -> (artifact id: 'a9b3e643f520f6a00611caa0f62f970f') in 0.019440 seconds 
========================================================================
Received Import Request.
  Time since last request: 5.787025 seconds.
  path: Assets/prefabs/enemy/red/redDamager.prefab
  artifactKey: Guid(6b0a8dc8ea44178488fdc6e95951dcb9) Importer(815301076,1909f56bfc062723c751e8b465ee728b)
Start importing Assets/prefabs/enemy/red/redDamager.prefab using Guid(6b0a8dc8ea44178488fdc6e95951dcb9) Importer(815301076,1909f56bfc062723c751e8b465ee728b)  -> (artifact id: '51895bf3ad852bb349189284ff8e7583') in 0.014127 seconds 
========================================================================
Received Import Request.
  Time since last request: 3.706124 seconds.
  path: Assets/prefabs/enemy/red/redDamager.prefab
  artifactKey: Guid(6b0a8dc8ea44178488fdc6e95951dcb9) Importer(815301076,1909f56bfc062723c751e8b465ee728b)
Start importing Assets/prefabs/enemy/red/redDamager.prefab using Guid(6b0a8dc8ea44178488fdc6e95951dcb9) Importer(815301076,1909f56bfc062723c751e8b465ee728b)  -> (artifact id: 'f5322e92065759d9bc8aa505314677b4') in 0.015584 seconds 
========================================================================
Received Import Request.
  Time since last request: 2.439227 seconds.
  path: Assets/prefabs/enemy/red/redDamager.prefab
  artifactKey: Guid(6b0a8dc8ea44178488fdc6e95951dcb9) Importer(815301076,1909f56bfc062723c751e8b465ee728b)
Start importing Assets/prefabs/enemy/red/redDamager.prefab using Guid(6b0a8dc8ea44178488fdc6e95951dcb9) Importer(815301076,1909f56bfc062723c751e8b465ee728b)  -> (artifact id: 'f66921008bb96df4a4d164fca95881bd') in 0.015213 seconds 
========================================================================
Received Import Request.
  Time since last request: 1.656448 seconds.
  path: Assets/prefabs/enemy/red/redDamager.prefab
  artifactKey: Guid(6b0a8dc8ea44178488fdc6e95951dcb9) Importer(815301076,1909f56bfc062723c751e8b465ee728b)
Start importing Assets/prefabs/enemy/red/redDamager.prefab using Guid(6b0a8dc8ea44178488fdc6e95951dcb9) Importer(815301076,1909f56bfc062723c751e8b465ee728b)  -> (artifact id: 'd288dced010ae5f9eb4043ac0eced0a4') in 0.015424 seconds 
========================================================================
Received Import Request.
  Time since last request: 8.687115 seconds.
  path: Assets/prefabs/enemy/red/redDamager.prefab
  artifactKey: Guid(6b0a8dc8ea44178488fdc6e95951dcb9) Importer(815301076,1909f56bfc062723c751e8b465ee728b)
Start importing Assets/prefabs/enemy/red/redDamager.prefab using Guid(6b0a8dc8ea44178488fdc6e95951dcb9) Importer(815301076,1909f56bfc062723c751e8b465ee728b)  -> (artifact id: 'dbd6c25aa84a10eeb8e3699fe8d5b870') in 0.013438 seconds 
========================================================================
Received Import Request.
  Time since last request: 3.885534 seconds.
  path: Assets/prefabs/enemy/red/redDamager.prefab
  artifactKey: Guid(6b0a8dc8ea44178488fdc6e95951dcb9) Importer(815301076,1909f56bfc062723c751e8b465ee728b)
Start importing Assets/prefabs/enemy/red/redDamager.prefab using Guid(6b0a8dc8ea44178488fdc6e95951dcb9) Importer(815301076,1909f56bfc062723c751e8b465ee728b)  -> (artifact id: '51d7682bc340bec08540ae235eac58f1') in 0.013907 seconds 
========================================================================
Received Import Request.
  Time since last request: 7.927130 seconds.
  path: Assets/prefabs/enemy/red/redDamager.prefab
  artifactKey: Guid(6b0a8dc8ea44178488fdc6e95951dcb9) Importer(815301076,1909f56bfc062723c751e8b465ee728b)
Start importing Assets/prefabs/enemy/red/redDamager.prefab using Guid(6b0a8dc8ea44178488fdc6e95951dcb9) Importer(815301076,1909f56bfc062723c751e8b465ee728b)  -> (artifact id: '53f1b78f1de54b0fac985c4e289f4d0c') in 0.014110 seconds 
========================================================================
Received Import Request.
  Time since last request: 11.553173 seconds.
  path: Assets/prefabs/enemy/red/redDamager.prefab
  artifactKey: Guid(6b0a8dc8ea44178488fdc6e95951dcb9) Importer(815301076,1909f56bfc062723c751e8b465ee728b)
Start importing Assets/prefabs/enemy/red/redDamager.prefab using Guid(6b0a8dc8ea44178488fdc6e95951dcb9) Importer(815301076,1909f56bfc062723c751e8b465ee728b)  -> (artifact id: '0d40b449c6e0dbb7b31758d5e2460e0a') in 0.013373 seconds 
========================================================================
Received Import Request.
  Time since last request: 4.640159 seconds.
  path: Assets/prefabs/enemy/red/redDamager.prefab
  artifactKey: Guid(6b0a8dc8ea44178488fdc6e95951dcb9) Importer(815301076,1909f56bfc062723c751e8b465ee728b)
Start importing Assets/prefabs/enemy/red/redDamager.prefab using Guid(6b0a8dc8ea44178488fdc6e95951dcb9) Importer(815301076,1909f56bfc062723c751e8b465ee728b)  -> (artifact id: 'eefb1b27c0abd84abbbc4f65176f1971') in 0.013725 seconds 
========================================================================
Received Import Request.
  Time since last request: 11.834183 seconds.
  path: Assets/prefabs/enemy/red/redDamager.prefab
  artifactKey: Guid(6b0a8dc8ea44178488fdc6e95951dcb9) Importer(815301076,1909f56bfc062723c751e8b465ee728b)
Start importing Assets/prefabs/enemy/red/redDamager.prefab using Guid(6b0a8dc8ea44178488fdc6e95951dcb9) Importer(815301076,1909f56bfc062723c751e8b465ee728b)  -> (artifact id: '9526121577e8d51938f8b37467958c58') in 0.013302 seconds 
========================================================================
Received Import Request.
  Time since last request: 2.029321 seconds.
  path: Assets/prefabs/enemy/red/redDamager.prefab
  artifactKey: Guid(6b0a8dc8ea44178488fdc6e95951dcb9) Importer(815301076,1909f56bfc062723c751e8b465ee728b)
Start importing Assets/prefabs/enemy/red/redDamager.prefab using Guid(6b0a8dc8ea44178488fdc6e95951dcb9) Importer(815301076,1909f56bfc062723c751e8b465ee728b)  -> (artifact id: '649bcb12a10c12f9e4dea9b539bee7cb') in 0.013463 seconds 
========================================================================
Received Import Request.
  Time since last request: 10.525851 seconds.
  path: Assets/prefabs/enemy/red/redDamager.prefab
  artifactKey: Guid(6b0a8dc8ea44178488fdc6e95951dcb9) Importer(815301076,1909f56bfc062723c751e8b465ee728b)
Start importing Assets/prefabs/enemy/red/redDamager.prefab using Guid(6b0a8dc8ea44178488fdc6e95951dcb9) Importer(815301076,1909f56bfc062723c751e8b465ee728b)  -> (artifact id: 'aef0d7d5e16f22e9dc5f70d01f6bbbbc') in 0.034398 seconds 
========================================================================
Received Import Request.
  Time since last request: 3.225027 seconds.
  path: Assets/prefabs/enemy/red/redDamager.prefab
  artifactKey: Guid(6b0a8dc8ea44178488fdc6e95951dcb9) Importer(815301076,1909f56bfc062723c751e8b465ee728b)
Start importing Assets/prefabs/enemy/red/redDamager.prefab using Guid(6b0a8dc8ea44178488fdc6e95951dcb9) Importer(815301076,1909f56bfc062723c751e8b465ee728b)  -> (artifact id: '5606efa30ca3269d2640223059ea598a') in 0.015039 seconds 
========================================================================
Received Import Request.
  Time since last request: 6.063723 seconds.
  path: Assets/prefabs/enemy/red/redDamager.prefab
  artifactKey: Guid(6b0a8dc8ea44178488fdc6e95951dcb9) Importer(815301076,1909f56bfc062723c751e8b465ee728b)
Start importing Assets/prefabs/enemy/red/redDamager.prefab using Guid(6b0a8dc8ea44178488fdc6e95951dcb9) Importer(815301076,1909f56bfc062723c751e8b465ee728b)  -> (artifact id: '4e8927f41c649f2a7bc25887098927dd') in 0.014553 seconds 
========================================================================
Received Import Request.
  Time since last request: 6.235269 seconds.
  path: Assets/prefabs/enemy/red/redDamager.prefab
  artifactKey: Guid(6b0a8dc8ea44178488fdc6e95951dcb9) Importer(815301076,1909f56bfc062723c751e8b465ee728b)
Start importing Assets/prefabs/enemy/red/redDamager.prefab using Guid(6b0a8dc8ea44178488fdc6e95951dcb9) Importer(815301076,1909f56bfc062723c751e8b465ee728b)  -> (artifact id: '4d0535ac0e464d60317a70939743864d') in 0.014959 seconds 
========================================================================
Received Import Request.
  Time since last request: 12.725488 seconds.
  path: Assets/prefabs/enemy/red/redDamager.prefab
  artifactKey: Guid(6b0a8dc8ea44178488fdc6e95951dcb9) Importer(815301076,1909f56bfc062723c751e8b465ee728b)
Start importing Assets/prefabs/enemy/red/redDamager.prefab using Guid(6b0a8dc8ea44178488fdc6e95951dcb9) Importer(815301076,1909f56bfc062723c751e8b465ee728b)  -> (artifact id: '549c626292eb49f60fc688144ac6adc0') in 0.029289 seconds 
========================================================================
Received Import Request.
  Time since last request: 40.117419 seconds.
  path: Assets/prefabs/enemy/red/redDamager.prefab
  artifactKey: Guid(6b0a8dc8ea44178488fdc6e95951dcb9) Importer(815301076,1909f56bfc062723c751e8b465ee728b)
Start importing Assets/prefabs/enemy/red/redDamager.prefab using Guid(6b0a8dc8ea44178488fdc6e95951dcb9) Importer(815301076,1909f56bfc062723c751e8b465ee728b)  -> (artifact id: '18cf95a9e8683fd73681687b74808782') in 0.015710 seconds 
========================================================================
Received Import Request.
  Time since last request: 11.254780 seconds.
  path: Assets/prefabs/enemy/red/redDamager.prefab
  artifactKey: Guid(6b0a8dc8ea44178488fdc6e95951dcb9) Importer(815301076,1909f56bfc062723c751e8b465ee728b)
Start importing Assets/prefabs/enemy/red/redDamager.prefab using Guid(6b0a8dc8ea44178488fdc6e95951dcb9) Importer(815301076,1909f56bfc062723c751e8b465ee728b)  -> (artifact id: '13ee213810df6b9630f3f3e08fa076d9') in 0.013824 seconds 
========================================================================
Received Import Request.
  Time since last request: 2.868143 seconds.
  path: Assets/prefabs/enemy/red/redDamager.prefab
  artifactKey: Guid(6b0a8dc8ea44178488fdc6e95951dcb9) Importer(815301076,1909f56bfc062723c751e8b465ee728b)
Start importing Assets/prefabs/enemy/red/redDamager.prefab using Guid(6b0a8dc8ea44178488fdc6e95951dcb9) Importer(815301076,1909f56bfc062723c751e8b465ee728b)  -> (artifact id: 'a2410129e268afbf57de848aea51fd82') in 0.021284 seconds 
========================================================================
Received Import Request.
  Time since last request: 9.276036 seconds.
  path: Assets/prefabs/enemy/red/redDamager.prefab
  artifactKey: Guid(6b0a8dc8ea44178488fdc6e95951dcb9) Importer(815301076,1909f56bfc062723c751e8b465ee728b)
Start importing Assets/prefabs/enemy/red/redDamager.prefab using Guid(6b0a8dc8ea44178488fdc6e95951dcb9) Importer(815301076,1909f56bfc062723c751e8b465ee728b)  -> (artifact id: 'fad82fe8d7b5827acf8f5a3b15abc6b0') in 0.033466 seconds 
========================================================================
Received Import Request.
  Time since last request: 3.405910 seconds.
  path: Assets/prefabs/enemy/red/redDamager.prefab
  artifactKey: Guid(6b0a8dc8ea44178488fdc6e95951dcb9) Importer(815301076,1909f56bfc062723c751e8b465ee728b)
Start importing Assets/prefabs/enemy/red/redDamager.prefab using Guid(6b0a8dc8ea44178488fdc6e95951dcb9) Importer(815301076,1909f56bfc062723c751e8b465ee728b)  -> (artifact id: 'ca680bc7d40d285488ca1a9f2fb42f47') in 0.015542 seconds 
========================================================================
Received Import Request.
  Time since last request: 3.029192 seconds.
  path: Assets/prefabs/enemy/red/redDamager.prefab
  artifactKey: Guid(6b0a8dc8ea44178488fdc6e95951dcb9) Importer(815301076,1909f56bfc062723c751e8b465ee728b)
Start importing Assets/prefabs/enemy/red/redDamager.prefab using Guid(6b0a8dc8ea44178488fdc6e95951dcb9) Importer(815301076,1909f56bfc062723c751e8b465ee728b)  -> (artifact id: '69b0de129bb312744d10a0c9cb0d017e') in 0.013269 seconds 
========================================================================
Received Import Request.
  Time since last request: 5.234581 seconds.
  path: Assets/prefabs/enemy/red/redDamager.prefab
  artifactKey: Guid(6b0a8dc8ea44178488fdc6e95951dcb9) Importer(815301076,1909f56bfc062723c751e8b465ee728b)
Start importing Assets/prefabs/enemy/red/redDamager.prefab using Guid(6b0a8dc8ea44178488fdc6e95951dcb9) Importer(815301076,1909f56bfc062723c751e8b465ee728b)  -> (artifact id: '3b22ff2fa2570033002bd2e27581a889') in 0.014067 seconds 
========================================================================
Received Import Request.
  Time since last request: 0.995164 seconds.
  path: Assets/prefabs/enemy/red/redDamager.prefab
  artifactKey: Guid(6b0a8dc8ea44178488fdc6e95951dcb9) Importer(815301076,1909f56bfc062723c751e8b465ee728b)
Start importing Assets/prefabs/enemy/red/redDamager.prefab using Guid(6b0a8dc8ea44178488fdc6e95951dcb9) Importer(815301076,1909f56bfc062723c751e8b465ee728b)  -> (artifact id: 'c395a232cbba3452983ea3f844dc9dc2') in 0.024648 seconds 
========================================================================
Received Import Request.
  Time since last request: 11.305734 seconds.
  path: Assets/prefabs/enemy/red/redDamager.prefab
  artifactKey: Guid(6b0a8dc8ea44178488fdc6e95951dcb9) Importer(815301076,1909f56bfc062723c751e8b465ee728b)
Start importing Assets/prefabs/enemy/red/redDamager.prefab using Guid(6b0a8dc8ea44178488fdc6e95951dcb9) Importer(815301076,1909f56bfc062723c751e8b465ee728b)  -> (artifact id: 'e1172cc1c755338847a37de7eb0657cd') in 0.014767 seconds 
========================================================================
Received Prepare
Registering precompiled user dll's ...
Registered in 0.006547 seconds.
Begin MonoManager ReloadAssembly
Symbol file LoadedFromMemory doesn't match image D:\Combination\Combination\Library\PackageCache\com.unity.visualscripting@1.7.8\Editor\VisualScripting.Core\Dependencies\YamlDotNet\Unity.VisualScripting.YamlDotNet.dll
Symbol file LoadedFromMemory doesn't match image D:\Combination\Combination\Library\PackageCache\com.unity.visualscripting@1.7.8\Editor\VisualScripting.Core\Dependencies\DotNetZip\Unity.VisualScripting.IonicZip.dll
Native extension for UWP target not found
Native extension for WindowsStandalone target not found
Native extension for Android target not found
Native extension for WebGL target not found
Refreshing native plugins compatible for Editor in 0.98 ms, found 3 plugins.
Preloading 0 native plugins for Editor in 0.00 ms.
Mono: successfully reloaded assembly
- Completed reload, in  1.414 seconds
Domain Reload Profiling:
	ReloadAssembly (1415ms)
		BeginReloadAssembly (148ms)
			ExecutionOrderSort (0ms)
			DisableScriptedObjects (12ms)
			BackupInstance (0ms)
			ReleaseScriptingObjects (0ms)
			CreateAndSetChildDomain (45ms)
		EndReloadAssembly (1152ms)
			LoadAssemblies (89ms)
			RebuildTransferFunctionScriptingTraits (0ms)
			SetupTypeCache (331ms)
			ReleaseScriptCaches (2ms)
			RebuildScriptCaches (52ms)
			SetupLoadedEditorAssemblies (572ms)
				LogAssemblyErrors (0ms)
				InitializePlatformSupportModulesInManaged (24ms)
				SetLoadedEditorAssemblies (1ms)
				RefreshPlugins (1ms)
				BeforeProcessingInitializeOnLoad (93ms)
				ProcessInitializeOnLoadAttributes (345ms)
				ProcessInitializeOnLoadMethodAttributes (103ms)
				AfterProcessingInitializeOnLoad (4ms)
				EditorAssembliesLoaded (0ms)
			ExecutionOrderSort2 (0ms)
			AwakeInstancesAfterBackupRestoration (28ms)
Platform modules already initialized, skipping
Refreshing native plugins compatible for Editor in 3.05 ms, found 3 plugins.
Preloading 0 native plugins for Editor in 0.00 ms.
Unloading 5423 Unused Serialized files (Serialized files now loaded: 0)
Unloading 30 unused Assets / (0.7 MB). Loaded Objects now: 6065.
Memory consumption went from 216.8 MB to 216.0 MB.
Total: 5.344600 ms (FindLiveObjects: 0.575900 ms CreateObjectMapping: 0.166900 ms MarkObjects: 4.247600 ms  DeleteObjects: 0.352900 ms)

AssetImportParameters requested are different than current active one (requested -> active):
  custom:video-decoder-ogg-theora: a1e56fd34408186e4bbccfd4996cb3dc -> 
  custom:container-muxer-webm: aa71ff27fc2769a1b78a27578f13a17b -> 
  custom:container-demuxer-webm: 4f35f7cbe854078d1ac9338744f61a02 -> 
  custom:video-encoder-webm-vp8: eb34c28f22e8b96e1ab97ce403110664 -> 
  custom:video-codec-MediaFoundation-h265: e54d7ab0439102e2317fc1e4b246158d -> 
  custom:audio-encoder-webm-vorbis: bf7c407c2cedff20999df2af8eb42d56 -> 
  custom:framework-win-MediaFoundation: 216162199b28c13a410421893ffa2e32 -> 
  custom:container-demuxer-ogg: 62fdf1f143b41e24485cea50d1cbac27 -> 
  custom:video-decoder-webm-vp8: 9c59270c3fd7afecdb556c50c9e8de78 -> 
  custom:audio-decoder-ogg-vorbis: bf7c407c2cedff20999df2af8eb42d56 -> 
========================================================================
Received Import Request.
  Time since last request: 45.711671 seconds.
  path: Assets/prefabs/enemy/red/redDamager.prefab
  artifactKey: Guid(6b0a8dc8ea44178488fdc6e95951dcb9) Importer(815301076,1909f56bfc062723c751e8b465ee728b)
Start importing Assets/prefabs/enemy/red/redDamager.prefab using Guid(6b0a8dc8ea44178488fdc6e95951dcb9) Importer(815301076,1909f56bfc062723c751e8b465ee728b)  -> (artifact id: '64a6ed8a8ee5cf6f4f64ea9c6a01bc4e') in 0.248181 seconds 
========================================================================
Received Import Request.
  Time since last request: 2.942890 seconds.
  path: Assets/prefabs/enemy/red/redDamager.prefab
  artifactKey: Guid(6b0a8dc8ea44178488fdc6e95951dcb9) Importer(815301076,1909f56bfc062723c751e8b465ee728b)
Start importing Assets/prefabs/enemy/red/redDamager.prefab using Guid(6b0a8dc8ea44178488fdc6e95951dcb9) Importer(815301076,1909f56bfc062723c751e8b465ee728b)  -> (artifact id: 'b06abf37600fb468333c5738d51cd86a') in 0.014783 seconds 
========================================================================
Received Import Request.
  Time since last request: 1.794223 seconds.
  path: Assets/prefabs/enemy/red/redDamager.prefab
  artifactKey: Guid(6b0a8dc8ea44178488fdc6e95951dcb9) Importer(815301076,1909f56bfc062723c751e8b465ee728b)
Start importing Assets/prefabs/enemy/red/redDamager.prefab using Guid(6b0a8dc8ea44178488fdc6e95951dcb9) Importer(815301076,1909f56bfc062723c751e8b465ee728b)  -> (artifact id: '1211d5083627168f62358ba71d8c5dde') in 0.035411 seconds 
========================================================================
Received Import Request.
  Time since last request: 1.970359 seconds.
  path: Assets/prefabs/enemy/red/redDamager.prefab
  artifactKey: Guid(6b0a8dc8ea44178488fdc6e95951dcb9) Importer(815301076,1909f56bfc062723c751e8b465ee728b)
Start importing Assets/prefabs/enemy/red/redDamager.prefab using Guid(6b0a8dc8ea44178488fdc6e95951dcb9) Importer(815301076,1909f56bfc062723c751e8b465ee728b)  -> (artifact id: 'a44452c73522b4342646851238fcc428') in 0.016095 seconds 
========================================================================
Received Prepare
Registering precompiled user dll's ...
Registered in 0.006930 seconds.
Begin MonoManager ReloadAssembly
Symbol file LoadedFromMemory doesn't match image D:\Combination\Combination\Library\PackageCache\com.unity.visualscripting@1.7.8\Editor\VisualScripting.Core\Dependencies\YamlDotNet\Unity.VisualScripting.YamlDotNet.dll
Symbol file LoadedFromMemory doesn't match image D:\Combination\Combination\Library\PackageCache\com.unity.visualscripting@1.7.8\Editor\VisualScripting.Core\Dependencies\DotNetZip\Unity.VisualScripting.IonicZip.dll
Native extension for UWP target not found
Native extension for WindowsStandalone target not found
Native extension for Android target not found
Native extension for WebGL target not found
Refreshing native plugins compatible for Editor in 1.57 ms, found 3 plugins.
Preloading 0 native plugins for Editor in 0.00 ms.
Mono: successfully reloaded assembly
- Completed reload, in  1.417 seconds
Domain Reload Profiling:
	ReloadAssembly (1418ms)
		BeginReloadAssembly (160ms)
			ExecutionOrderSort (0ms)
			DisableScriptedObjects (12ms)
			BackupInstance (0ms)
			ReleaseScriptingObjects (0ms)
			CreateAndSetChildDomain (50ms)
		EndReloadAssembly (1141ms)
			LoadAssemblies (100ms)
			RebuildTransferFunctionScriptingTraits (0ms)
			SetupTypeCache (310ms)
			ReleaseScriptCaches (2ms)
			RebuildScriptCaches (58ms)
			SetupLoadedEditorAssemblies (565ms)
				LogAssemblyErrors (0ms)
				InitializePlatformSupportModulesInManaged (28ms)
				SetLoadedEditorAssemblies (1ms)
				RefreshPlugins (2ms)
				BeforeProcessingInitializeOnLoad (92ms)
				ProcessInitializeOnLoadAttributes (337ms)
				ProcessInitializeOnLoadMethodAttributes (102ms)
				AfterProcessingInitializeOnLoad (4ms)
				EditorAssembliesLoaded (0ms)
			ExecutionOrderSort2 (0ms)
			AwakeInstancesAfterBackupRestoration (34ms)
Platform modules already initialized, skipping
Refreshing native plugins compatible for Editor in 3.71 ms, found 3 plugins.
Preloading 0 native plugins for Editor in 0.00 ms.
Unloading 5423 Unused Serialized files (Serialized files now loaded: 0)
Unloading 30 unused Assets / (0.7 MB). Loaded Objects now: 6121.
Memory consumption went from 216.8 MB to 216.1 MB.
Total: 5.662200 ms (FindLiveObjects: 0.554800 ms CreateObjectMapping: 0.329100 ms MarkObjects: 4.286000 ms  DeleteObjects: 0.490900 ms)

AssetImportParameters requested are different than current active one (requested -> active):
  custom:video-decoder-ogg-theora: a1e56fd34408186e4bbccfd4996cb3dc -> 
  custom:container-muxer-webm: aa71ff27fc2769a1b78a27578f13a17b -> 
  custom:container-demuxer-webm: 4f35f7cbe854078d1ac9338744f61a02 -> 
  custom:video-encoder-webm-vp8: eb34c28f22e8b96e1ab97ce403110664 -> 
  custom:video-codec-MediaFoundation-h265: e54d7ab0439102e2317fc1e4b246158d -> 
  custom:audio-encoder-webm-vorbis: bf7c407c2cedff20999df2af8eb42d56 -> 
  custom:framework-win-MediaFoundation: 216162199b28c13a410421893ffa2e32 -> 
  custom:container-demuxer-ogg: 62fdf1f143b41e24485cea50d1cbac27 -> 
  custom:video-decoder-webm-vp8: 9c59270c3fd7afecdb556c50c9e8de78 -> 
  custom:audio-decoder-ogg-vorbis: bf7c407c2cedff20999df2af8eb42d56 -> 
========================================================================
Received Prepare
Registering precompiled user dll's ...
Registered in 0.006448 seconds.
Begin MonoManager ReloadAssembly
Symbol file LoadedFromMemory doesn't match image D:\Combination\Combination\Library\PackageCache\com.unity.visualscripting@1.7.8\Editor\VisualScripting.Core\Dependencies\YamlDotNet\Unity.VisualScripting.YamlDotNet.dll
Symbol file LoadedFromMemory doesn't match image D:\Combination\Combination\Library\PackageCache\com.unity.visualscripting@1.7.8\Editor\VisualScripting.Core\Dependencies\DotNetZip\Unity.VisualScripting.IonicZip.dll
Native extension for UWP target not found
Native extension for WindowsStandalone target not found
Native extension for Android target not found
Native extension for WebGL target not found
Refreshing native plugins compatible for Editor in 1.01 ms, found 3 plugins.
Preloading 0 native plugins for Editor in 0.00 ms.
Mono: successfully reloaded assembly
- Completed reload, in  1.424 seconds
Domain Reload Profiling:
	ReloadAssembly (1425ms)
		BeginReloadAssembly (144ms)
			ExecutionOrderSort (0ms)
			DisableScriptedObjects (6ms)
			BackupInstance (0ms)
			ReleaseScriptingObjects (0ms)
			CreateAndSetChildDomain (42ms)
		EndReloadAssembly (1165ms)
			LoadAssemblies (100ms)
			RebuildTransferFunctionScriptingTraits (0ms)
			SetupTypeCache (322ms)
			ReleaseScriptCaches (2ms)
			RebuildScriptCaches (71ms)
			SetupLoadedEditorAssemblies (567ms)
				LogAssemblyErrors (0ms)
				InitializePlatformSupportModulesInManaged (27ms)
				SetLoadedEditorAssemblies (1ms)
				RefreshPlugins (1ms)
				BeforeProcessingInitializeOnLoad (93ms)
				ProcessInitializeOnLoadAttributes (341ms)
				ProcessInitializeOnLoadMethodAttributes (98ms)
				AfterProcessingInitializeOnLoad (4ms)
				EditorAssembliesLoaded (0ms)
			ExecutionOrderSort2 (0ms)
			AwakeInstancesAfterBackupRestoration (22ms)
Platform modules already initialized, skipping
Refreshing native plugins compatible for Editor in 2.70 ms, found 3 plugins.
Preloading 0 native plugins for Editor in 0.00 ms.
Unloading 5424 Unused Serialized files (Serialized files now loaded: 0)
Unloading 30 unused Assets / (0.7 MB). Loaded Objects now: 6136.
Memory consumption went from 216.9 MB to 216.2 MB.
Total: 4.775500 ms (FindLiveObjects: 0.532400 ms CreateObjectMapping: 0.192700 ms MarkObjects: 3.669900 ms  DeleteObjects: 0.378700 ms)

AssetImportParameters requested are different than current active one (requested -> active):
  custom:video-decoder-ogg-theora: a1e56fd34408186e4bbccfd4996cb3dc -> 
  custom:container-muxer-webm: aa71ff27fc2769a1b78a27578f13a17b -> 
  custom:container-demuxer-webm: 4f35f7cbe854078d1ac9338744f61a02 -> 
  custom:video-encoder-webm-vp8: eb34c28f22e8b96e1ab97ce403110664 -> 
  custom:video-codec-MediaFoundation-h265: e54d7ab0439102e2317fc1e4b246158d -> 
  custom:audio-encoder-webm-vorbis: bf7c407c2cedff20999df2af8eb42d56 -> 
  custom:framework-win-MediaFoundation: 216162199b28c13a410421893ffa2e32 -> 
  custom:container-demuxer-ogg: 62fdf1f143b41e24485cea50d1cbac27 -> 
  custom:video-decoder-webm-vp8: 9c59270c3fd7afecdb556c50c9e8de78 -> 
  custom:audio-decoder-ogg-vorbis: bf7c407c2cedff20999df2af8eb42d56 -> 
========================================================================
Received Prepare
Registering precompiled user dll's ...
Registered in 0.006428 seconds.
Begin MonoManager ReloadAssembly
Symbol file LoadedFromMemory doesn't match image D:\Combination\Combination\Library\PackageCache\com.unity.visualscripting@1.7.8\Editor\VisualScripting.Core\Dependencies\YamlDotNet\Unity.VisualScripting.YamlDotNet.dll
Symbol file LoadedFromMemory doesn't match image D:\Combination\Combination\Library\PackageCache\com.unity.visualscripting@1.7.8\Editor\VisualScripting.Core\Dependencies\DotNetZip\Unity.VisualScripting.IonicZip.dll
Native extension for UWP target not found
Native extension for WindowsStandalone target not found
Native extension for Android target not found
Native extension for WebGL target not found
Refreshing native plugins compatible for Editor in 1.13 ms, found 3 plugins.
Preloading 0 native plugins for Editor in 0.00 ms.
Mono: successfully reloaded assembly
- Completed reload, in  1.395 seconds
Domain Reload Profiling:
	ReloadAssembly (1395ms)
		BeginReloadAssembly (155ms)
			ExecutionOrderSort (0ms)
			DisableScriptedObjects (5ms)
			BackupInstance (0ms)
			ReleaseScriptingObjects (0ms)
			CreateAndSetChildDomain (57ms)
		EndReloadAssembly (1126ms)
			LoadAssemblies (95ms)
			RebuildTransferFunctionScriptingTraits (0ms)
			SetupTypeCache (324ms)
			ReleaseScriptCaches (2ms)
			RebuildScriptCaches (60ms)
			SetupLoadedEditorAssemblies (556ms)
				LogAssemblyErrors (0ms)
				InitializePlatformSupportModulesInManaged (25ms)
				SetLoadedEditorAssemblies (1ms)
				RefreshPlugins (1ms)
				BeforeProcessingInitializeOnLoad (89ms)
				ProcessInitializeOnLoadAttributes (344ms)
				ProcessInitializeOnLoadMethodAttributes (92ms)
				AfterProcessingInitializeOnLoad (4ms)
				EditorAssembliesLoaded (0ms)
			ExecutionOrderSort2 (0ms)
			AwakeInstancesAfterBackupRestoration (22ms)
Platform modules already initialized, skipping
Refreshing native plugins compatible for Editor in 3.42 ms, found 3 plugins.
Preloading 0 native plugins for Editor in 0.00 ms.
Unloading 5424 Unused Serialized files (Serialized files now loaded: 0)
Unloading 30 unused Assets / (0.7 MB). Loaded Objects now: 6151.
Memory consumption went from 216.9 MB to 216.2 MB.
Total: 4.683200 ms (FindLiveObjects: 0.468300 ms CreateObjectMapping: 0.149200 ms MarkObjects: 3.671800 ms  DeleteObjects: 0.392700 ms)

AssetImportParameters requested are different than current active one (requested -> active):
  custom:video-decoder-ogg-theora: a1e56fd34408186e4bbccfd4996cb3dc -> 
  custom:container-muxer-webm: aa71ff27fc2769a1b78a27578f13a17b -> 
  custom:container-demuxer-webm: 4f35f7cbe854078d1ac9338744f61a02 -> 
  custom:video-encoder-webm-vp8: eb34c28f22e8b96e1ab97ce403110664 -> 
  custom:video-codec-MediaFoundation-h265: e54d7ab0439102e2317fc1e4b246158d -> 
  custom:audio-encoder-webm-vorbis: bf7c407c2cedff20999df2af8eb42d56 -> 
  custom:framework-win-MediaFoundation: 216162199b28c13a410421893ffa2e32 -> 
  custom:container-demuxer-ogg: 62fdf1f143b41e24485cea50d1cbac27 -> 
  custom:video-decoder-webm-vp8: 9c59270c3fd7afecdb556c50c9e8de78 -> 
  custom:audio-decoder-ogg-vorbis: bf7c407c2cedff20999df2af8eb42d56 -> 
========================================================================
Received Prepare
Registering precompiled user dll's ...
Registered in 0.007382 seconds.
Begin MonoManager ReloadAssembly
Symbol file LoadedFromMemory doesn't match image D:\Combination\Combination\Library\PackageCache\com.unity.visualscripting@1.7.8\Editor\VisualScripting.Core\Dependencies\YamlDotNet\Unity.VisualScripting.YamlDotNet.dll
Symbol file LoadedFromMemory doesn't match image D:\Combination\Combination\Library\PackageCache\com.unity.visualscripting@1.7.8\Editor\VisualScripting.Core\Dependencies\DotNetZip\Unity.VisualScripting.IonicZip.dll
Native extension for UWP target not found
Native extension for WindowsStandalone target not found
Native extension for Android target not found
Native extension for WebGL target not found
Refreshing native plugins compatible for Editor in 0.99 ms, found 3 plugins.
Preloading 0 native plugins for Editor in 0.00 ms.
Mono: successfully reloaded assembly
- Completed reload, in  1.405 seconds
Domain Reload Profiling:
	ReloadAssembly (1406ms)
		BeginReloadAssembly (142ms)
			ExecutionOrderSort (0ms)
			DisableScriptedObjects (6ms)
			BackupInstance (0ms)
			ReleaseScriptingObjects (0ms)
			CreateAndSetChildDomain (45ms)
		EndReloadAssembly (1148ms)
			LoadAssemblies (94ms)
			RebuildTransferFunctionScriptingTraits (0ms)
			SetupTypeCache (330ms)
			ReleaseScriptCaches (2ms)
			RebuildScriptCaches (67ms)
			SetupLoadedEditorAssemblies (551ms)
				LogAssemblyErrors (0ms)
				InitializePlatformSupportModulesInManaged (24ms)
				SetLoadedEditorAssemblies (1ms)
				RefreshPlugins (1ms)
				BeforeProcessingInitializeOnLoad (81ms)
				ProcessInitializeOnLoadAttributes (343ms)
				ProcessInitializeOnLoadMethodAttributes (97ms)
				AfterProcessingInitializeOnLoad (4ms)
				EditorAssembliesLoaded (0ms)
			ExecutionOrderSort2 (0ms)
			AwakeInstancesAfterBackupRestoration (23ms)
Platform modules already initialized, skipping
Refreshing native plugins compatible for Editor in 3.66 ms, found 3 plugins.
Preloading 0 native plugins for Editor in 0.00 ms.
Unloading 5424 Unused Serialized files (Serialized files now loaded: 0)
Unloading 30 unused Assets / (0.7 MB). Loaded Objects now: 6166.
Memory consumption went from 216.9 MB to 216.2 MB.
Total: 5.190600 ms (FindLiveObjects: 0.551600 ms CreateObjectMapping: 0.179100 ms MarkObjects: 3.996500 ms  DeleteObjects: 0.462300 ms)

AssetImportParameters requested are different than current active one (requested -> active):
  custom:video-decoder-ogg-theora: a1e56fd34408186e4bbccfd4996cb3dc -> 
  custom:container-muxer-webm: aa71ff27fc2769a1b78a27578f13a17b -> 
  custom:container-demuxer-webm: 4f35f7cbe854078d1ac9338744f61a02 -> 
  custom:video-encoder-webm-vp8: eb34c28f22e8b96e1ab97ce403110664 -> 
  custom:video-codec-MediaFoundation-h265: e54d7ab0439102e2317fc1e4b246158d -> 
  custom:audio-encoder-webm-vorbis: bf7c407c2cedff20999df2af8eb42d56 -> 
  custom:framework-win-MediaFoundation: 216162199b28c13a410421893ffa2e32 -> 
  custom:container-demuxer-ogg: 62fdf1f143b41e24485cea50d1cbac27 -> 
  custom:video-decoder-webm-vp8: 9c59270c3fd7afecdb556c50c9e8de78 -> 
  custom:audio-decoder-ogg-vorbis: bf7c407c2cedff20999df2af8eb42d56 -> 
========================================================================
Received Prepare
Registering precompiled user dll's ...
Registered in 0.006658 seconds.
Begin MonoManager ReloadAssembly
Symbol file LoadedFromMemory doesn't match image D:\Combination\Combination\Library\PackageCache\com.unity.visualscripting@1.7.8\Editor\VisualScripting.Core\Dependencies\YamlDotNet\Unity.VisualScripting.YamlDotNet.dll
Symbol file LoadedFromMemory doesn't match image D:\Combination\Combination\Library\PackageCache\com.unity.visualscripting@1.7.8\Editor\VisualScripting.Core\Dependencies\DotNetZip\Unity.VisualScripting.IonicZip.dll
Native extension for UWP target not found
Native extension for WindowsStandalone target not found
Native extension for Android target not found
Native extension for WebGL target not found
Refreshing native plugins compatible for Editor in 1.40 ms, found 3 plugins.
Preloading 0 native plugins for Editor in 0.00 ms.
Mono: successfully reloaded assembly
- Completed reload, in  1.355 seconds
Domain Reload Profiling:
	ReloadAssembly (1356ms)
		BeginReloadAssembly (143ms)
			ExecutionOrderSort (0ms)
			DisableScriptedObjects (5ms)
			BackupInstance (0ms)
			ReleaseScriptingObjects (0ms)
			CreateAndSetChildDomain (41ms)
		EndReloadAssembly (1094ms)
			LoadAssemblies (101ms)
			RebuildTransferFunctionScriptingTraits (0ms)
			SetupTypeCache (301ms)
			ReleaseScriptCaches (2ms)
			RebuildScriptCaches (57ms)
			SetupLoadedEditorAssemblies (545ms)
				LogAssemblyErrors (0ms)
				InitializePlatformSupportModulesInManaged (26ms)
				SetLoadedEditorAssemblies (1ms)
				RefreshPlugins (1ms)
				BeforeProcessingInitializeOnLoad (95ms)
				ProcessInitializeOnLoadAttributes (325ms)
				ProcessInitializeOnLoadMethodAttributes (94ms)
				AfterProcessingInitializeOnLoad (4ms)
				EditorAssembliesLoaded (0ms)
			ExecutionOrderSort2 (0ms)
			AwakeInstancesAfterBackupRestoration (22ms)
Platform modules already initialized, skipping
Refreshing native plugins compatible for Editor in 3.27 ms, found 3 plugins.
Preloading 0 native plugins for Editor in 0.00 ms.
Unloading 5424 Unused Serialized files (Serialized files now loaded: 0)
Unloading 30 unused Assets / (0.7 MB). Loaded Objects now: 6181.
Memory consumption went from 217.0 MB to 216.2 MB.
Total: 5.432300 ms (FindLiveObjects: 0.504900 ms CreateObjectMapping: 0.148500 ms MarkObjects: 4.264400 ms  DeleteObjects: 0.511900 ms)

AssetImportParameters requested are different than current active one (requested -> active):
  custom:video-decoder-ogg-theora: a1e56fd34408186e4bbccfd4996cb3dc -> 
  custom:container-muxer-webm: aa71ff27fc2769a1b78a27578f13a17b -> 
  custom:container-demuxer-webm: 4f35f7cbe854078d1ac9338744f61a02 -> 
  custom:video-encoder-webm-vp8: eb34c28f22e8b96e1ab97ce403110664 -> 
  custom:video-codec-MediaFoundation-h265: e54d7ab0439102e2317fc1e4b246158d -> 
  custom:audio-encoder-webm-vorbis: bf7c407c2cedff20999df2af8eb42d56 -> 
  custom:framework-win-MediaFoundation: 216162199b28c13a410421893ffa2e32 -> 
  custom:container-demuxer-ogg: 62fdf1f143b41e24485cea50d1cbac27 -> 
  custom:video-decoder-webm-vp8: 9c59270c3fd7afecdb556c50c9e8de78 -> 
  custom:audio-decoder-ogg-vorbis: bf7c407c2cedff20999df2af8eb42d56 -> 
========================================================================
Received Prepare
Registering precompiled user dll's ...
Registered in 0.010127 seconds.
Begin MonoManager ReloadAssembly
Symbol file LoadedFromMemory doesn't match image D:\Combination\Combination\Library\PackageCache\com.unity.visualscripting@1.7.8\Editor\VisualScripting.Core\Dependencies\YamlDotNet\Unity.VisualScripting.YamlDotNet.dll
Symbol file LoadedFromMemory doesn't match image D:\Combination\Combination\Library\PackageCache\com.unity.visualscripting@1.7.8\Editor\VisualScripting.Core\Dependencies\DotNetZip\Unity.VisualScripting.IonicZip.dll
Native extension for UWP target not found
Native extension for WindowsStandalone target not found
Native extension for Android target not found
Native extension for WebGL target not found
Refreshing native plugins compatible for Editor in 1.02 ms, found 3 plugins.
Preloading 0 native plugins for Editor in 0.00 ms.
Mono: successfully reloaded assembly
- Completed reload, in  1.364 seconds
Domain Reload Profiling:
	ReloadAssembly (1365ms)
		BeginReloadAssembly (150ms)
			ExecutionOrderSort (0ms)
			DisableScriptedObjects (7ms)
			BackupInstance (0ms)
			ReleaseScriptingObjects (0ms)
			CreateAndSetChildDomain (44ms)
		EndReloadAssembly (1101ms)
			LoadAssemblies (101ms)
			RebuildTransferFunctionScriptingTraits (0ms)
			SetupTypeCache (322ms)
			ReleaseScriptCaches (2ms)
			RebuildScriptCaches (53ms)
			SetupLoadedEditorAssemblies (533ms)
				LogAssemblyErrors (0ms)
				InitializePlatformSupportModulesInManaged (23ms)
				SetLoadedEditorAssemblies (1ms)
				RefreshPlugins (1ms)
				BeforeProcessingInitializeOnLoad (81ms)
				ProcessInitializeOnLoadAttributes (327ms)
				ProcessInitializeOnLoadMethodAttributes (96ms)
				AfterProcessingInitializeOnLoad (4ms)
				EditorAssembliesLoaded (0ms)
			ExecutionOrderSort2 (0ms)
			AwakeInstancesAfterBackupRestoration (22ms)
Platform modules already initialized, skipping
Refreshing native plugins compatible for Editor in 3.03 ms, found 3 plugins.
Preloading 0 native plugins for Editor in 0.00 ms.
Unloading 5424 Unused Serialized files (Serialized files now loaded: 0)
Unloading 30 unused Assets / (0.7 MB). Loaded Objects now: 6196.
Memory consumption went from 217.0 MB to 216.3 MB.
Total: 5.159000 ms (FindLiveObjects: 0.538700 ms CreateObjectMapping: 0.152600 ms MarkObjects: 4.003000 ms  DeleteObjects: 0.463500 ms)

AssetImportParameters requested are different than current active one (requested -> active):
  custom:video-decoder-ogg-theora: a1e56fd34408186e4bbccfd4996cb3dc -> 
  custom:container-muxer-webm: aa71ff27fc2769a1b78a27578f13a17b -> 
  custom:container-demuxer-webm: 4f35f7cbe854078d1ac9338744f61a02 -> 
  custom:video-encoder-webm-vp8: eb34c28f22e8b96e1ab97ce403110664 -> 
  custom:video-codec-MediaFoundation-h265: e54d7ab0439102e2317fc1e4b246158d -> 
  custom:audio-encoder-webm-vorbis: bf7c407c2cedff20999df2af8eb42d56 -> 
  custom:framework-win-MediaFoundation: 216162199b28c13a410421893ffa2e32 -> 
  custom:container-demuxer-ogg: 62fdf1f143b41e24485cea50d1cbac27 -> 
  custom:video-decoder-webm-vp8: 9c59270c3fd7afecdb556c50c9e8de78 -> 
  custom:audio-decoder-ogg-vorbis: bf7c407c2cedff20999df2af8eb42d56 -> 
