Using pre-set license
Built from '2021.3/staging' branch; Version is '2021.3.7f1 (24e8595d6d43) revision 2418777'; Using compiler version '192829333'; Build Type 'Release'
OS: 'Windows 10  (10.0.19043) 64bit Professional' Language: 'ru' Physical Memory: 16332 MB
BatchMode: 1, IsHumanControllingUs: 0, StartBugReporterOnCrash: 0, Is64bit: 1, IsPro: 1

COMMAND LINE ARGUMENTS:
D:\Unity Versions\2021.3.7f1\Editor\Unity.exe
-adb2
-batchMode
-noUpm
-name
AssetImportWorker0
-projectPath
D:/Combination/Combination
-logFile
Logs/AssetImportWorker0.log
-srvPort
63620
Successfully changed project path to: D:/Combination/Combination
D:/Combination/Combination
[UnityMemory] Configuration Parameters - Can be set up in boot.config
    "memorysetup-bucket-allocator-granularity=16"
    "memorysetup-bucket-allocator-bucket-count=8"
    "memorysetup-bucket-allocator-block-size=33554432"
    "memorysetup-bucket-allocator-block-count=8"
    "memorysetup-main-allocator-block-size=16777216"
    "memorysetup-thread-allocator-block-size=16777216"
    "memorysetup-gfx-main-allocator-block-size=16777216"
    "memorysetup-gfx-thread-allocator-block-size=16777216"
    "memorysetup-cache-allocator-block-size=4194304"
    "memorysetup-typetree-allocator-block-size=2097152"
    "memorysetup-profiler-bucket-allocator-granularity=16"
    "memorysetup-profiler-bucket-allocator-bucket-count=8"
    "memorysetup-profiler-bucket-allocator-block-size=33554432"
    "memorysetup-profiler-bucket-allocator-block-count=8"
    "memorysetup-profiler-allocator-block-size=16777216"
    "memorysetup-profiler-editor-allocator-block-size=1048576"
    "memorysetup-temp-allocator-size-main=16777216"
    "memorysetup-job-temp-allocator-block-size=2097152"
    "memorysetup-job-temp-allocator-block-size-background=1048576"
    "memorysetup-job-temp-allocator-reduction-small-platforms=262144"
    "memorysetup-temp-allocator-size-background-worker=32768"
    "memorysetup-temp-allocator-size-job-worker=262144"
    "memorysetup-temp-allocator-size-preload-manager=33554432"
    "memorysetup-temp-allocator-size-nav-mesh-worker=65536"
    "memorysetup-temp-allocator-size-audio-worker=65536"
    "memorysetup-temp-allocator-size-cloud-worker=32768"
    "memorysetup-temp-allocator-size-gi-baking-worker=262144"
    "memorysetup-temp-allocator-size-gfx=262144"
Refreshing native plugins compatible for Editor in 128.93 ms, found 3 plugins.
Preloading 0 native plugins for Editor in 0.00 ms.
Initialize engine version: 2021.3.7f1 (24e8595d6d43)
[Subsystems] Discovering subsystems at path D:/Unity Versions/2021.3.7f1/Editor/Data/Resources/UnitySubsystems
[Subsystems] Discovering subsystems at path D:/Combination/Combination/Assets
GfxDevice: creating device client; threaded=0; jobified=0
Direct3D:
    Version:  Direct3D 11.0 [level 11.1]
    Renderer: NVIDIA GeForce GTX 1060 6GB (ID=0x1c03)
    Vendor:   NVIDIA
    VRAM:     6052 MB
    Driver:   30.0.15.1215
Initialize mono
Mono path[0] = 'D:/Unity Versions/2021.3.7f1/Editor/Data/Managed'
Mono path[1] = 'D:/Unity Versions/2021.3.7f1/Editor/Data/MonoBleedingEdge/lib/mono/unityjit-win32'
Mono config path = 'D:/Unity Versions/2021.3.7f1/Editor/Data/MonoBleedingEdge/etc'
Using monoOptions --debugger-agent=transport=dt_socket,embedding=1,server=y,suspend=n,address=127.0.0.1:56312
Begin MonoManager ReloadAssembly
Registering precompiled unity dll's ...
Register platform support module: D:/Unity Versions/2021.3.7f1/Editor/Data/PlaybackEngines/WebGLSupport/UnityEditor.WebGL.Extensions.dll
Register platform support module: D:/Unity Versions/2021.3.7f1/Editor/Data/PlaybackEngines/AndroidPlayer/UnityEditor.Android.Extensions.dll
Register platform support module: D:/Unity Versions/2021.3.7f1/Editor/Data/PlaybackEngines/WindowsStandaloneSupport/UnityEditor.WindowsStandalone.Extensions.dll
Register platform support module: D:/Unity Versions/2021.3.7f1/Editor/Data/PlaybackEngines/MetroSupport/UnityEditor.UWP.Extensions.dll
Registered in 0.004405 seconds.
Native extension for UWP target not found
Native extension for WindowsStandalone target not found
Native extension for Android target not found
Native extension for WebGL target not found
Refreshing native plugins compatible for Editor in 125.11 ms, found 3 plugins.
Preloading 0 native plugins for Editor in 0.00 ms.
Mono: successfully reloaded assembly
- Completed reload, in  0.808 seconds
Domain Reload Profiling:
	ReloadAssembly (809ms)
		BeginReloadAssembly (82ms)
			ExecutionOrderSort (0ms)
			DisableScriptedObjects (0ms)
			BackupInstance (0ms)
			ReleaseScriptingObjects (0ms)
			CreateAndSetChildDomain (1ms)
		EndReloadAssembly (598ms)
			LoadAssemblies (81ms)
			RebuildTransferFunctionScriptingTraits (0ms)
			SetupTypeCache (131ms)
			ReleaseScriptCaches (0ms)
			RebuildScriptCaches (34ms)
			SetupLoadedEditorAssemblies (378ms)
				LogAssemblyErrors (0ms)
				InitializePlatformSupportModulesInManaged (66ms)
				SetLoadedEditorAssemblies (0ms)
				RefreshPlugins (125ms)
				BeforeProcessingInitializeOnLoad (1ms)
				ProcessInitializeOnLoadAttributes (123ms)
				ProcessInitializeOnLoadMethodAttributes (62ms)
				AfterProcessingInitializeOnLoad (0ms)
				EditorAssembliesLoaded (0ms)
			ExecutionOrderSort2 (0ms)
			AwakeInstancesAfterBackupRestoration (0ms)
Platform modules already initialized, skipping
Registering precompiled user dll's ...
Registered in 0.007378 seconds.
Begin MonoManager ReloadAssembly
Symbol file LoadedFromMemory doesn't match image D:\Combination\Combination\Library\PackageCache\com.unity.visualscripting@1.7.8\Editor\VisualScripting.Core\Dependencies\YamlDotNet\Unity.VisualScripting.YamlDotNet.dll
Symbol file LoadedFromMemory doesn't match image D:\Combination\Combination\Library\PackageCache\com.unity.visualscripting@1.7.8\Editor\VisualScripting.Core\Dependencies\DotNetZip\Unity.VisualScripting.IonicZip.dll
Native extension for UWP target not found
Native extension for WindowsStandalone target not found
Native extension for Android target not found
Native extension for WebGL target not found
Refreshing native plugins compatible for Editor in 124.37 ms, found 3 plugins.
Preloading 0 native plugins for Editor in 0.00 ms.
Mono: successfully reloaded assembly
- Completed reload, in  1.742 seconds
Domain Reload Profiling:
	ReloadAssembly (1743ms)
		BeginReloadAssembly (244ms)
			ExecutionOrderSort (0ms)
			DisableScriptedObjects (7ms)
			BackupInstance (0ms)
			ReleaseScriptingObjects (0ms)
			CreateAndSetChildDomain (140ms)
		EndReloadAssembly (1363ms)
			LoadAssemblies (105ms)
			RebuildTransferFunctionScriptingTraits (0ms)
			SetupTypeCache (357ms)
			ReleaseScriptCaches (1ms)
			RebuildScriptCaches (88ms)
			SetupLoadedEditorAssemblies (758ms)
				LogAssemblyErrors (0ms)
				InitializePlatformSupportModulesInManaged (17ms)
				SetLoadedEditorAssemblies (0ms)
				RefreshPlugins (124ms)
				BeforeProcessingInitializeOnLoad (114ms)
				ProcessInitializeOnLoadAttributes (397ms)
				ProcessInitializeOnLoadMethodAttributes (101ms)
				AfterProcessingInitializeOnLoad (4ms)
				EditorAssembliesLoaded (0ms)
			ExecutionOrderSort2 (0ms)
			AwakeInstancesAfterBackupRestoration (9ms)
Platform modules already initialized, skipping
========================================================================
Worker process is ready to serve import requests
Launched and connected shader compiler UnityShaderCompiler.exe after 0.05 seconds
Refreshing native plugins compatible for Editor in 0.98 ms, found 3 plugins.
Preloading 0 native plugins for Editor in 0.00 ms.
Unloading 5565 Unused Serialized files (Serialized files now loaded: 0)
Unloading 51 unused Assets / (0.8 MB). Loaded Objects now: 6020.
Memory consumption went from 219.3 MB to 218.6 MB.
Total: 4.905800 ms (FindLiveObjects: 0.550900 ms CreateObjectMapping: 0.165300 ms MarkObjects: 3.725500 ms  DeleteObjects: 0.463100 ms)

AssetImportParameters requested are different than current active one (requested -> active):
  custom:video-decoder-ogg-theora: a1e56fd34408186e4bbccfd4996cb3dc -> 
  custom:container-muxer-webm: aa71ff27fc2769a1b78a27578f13a17b -> 
  custom:container-demuxer-webm: 4f35f7cbe854078d1ac9338744f61a02 -> 
  custom:video-encoder-webm-vp8: eb34c28f22e8b96e1ab97ce403110664 -> 
  custom:video-codec-MediaFoundation-h265: e54d7ab0439102e2317fc1e4b246158d -> 
  custom:audio-encoder-webm-vorbis: bf7c407c2cedff20999df2af8eb42d56 -> 
  custom:framework-win-MediaFoundation: 216162199b28c13a410421893ffa2e32 -> 
  custom:container-demuxer-ogg: 62fdf1f143b41e24485cea50d1cbac27 -> 
  custom:video-decoder-webm-vp8: 9c59270c3fd7afecdb556c50c9e8de78 -> 
  custom:audio-decoder-ogg-vorbis: bf7c407c2cedff20999df2af8eb42d56 -> 
========================================================================
Received Import Request.
  Time since last request: 54474.886124 seconds.
  path: Assets/prefabs/Sphere.prefab
  artifactKey: Guid(91f732fe50cb3be42b748fc829cdcdbd) Importer(815301076,1909f56bfc062723c751e8b465ee728b)
Start importing Assets/prefabs/Sphere.prefab using Guid(91f732fe50cb3be42b748fc829cdcdbd) Importer(815301076,1909f56bfc062723c751e8b465ee728b)  -> (artifact id: 'fb173855fedc0a84036833c65d20a76b') in 0.788695 seconds 
========================================================================
Received Import Request.
  Time since last request: 0.692333 seconds.
  path: Assets/prefabs/enemy/green/greeenDamager .prefab
  artifactKey: Guid(3e22e4d81970e8647b4c24b1a650fee2) Importer(815301076,1909f56bfc062723c751e8b465ee728b)
Start importing Assets/prefabs/enemy/green/greeenDamager .prefab using Guid(3e22e4d81970e8647b4c24b1a650fee2) Importer(815301076,1909f56bfc062723c751e8b465ee728b)  -> (artifact id: 'a98b38e30560c2664341d4925672216a') in 0.217877 seconds 
========================================================================
Received Import Request.
  Time since last request: 0.000035 seconds.
  path: Assets/prefabs/enemy/green/GreenDamager.prefab
  artifactKey: Guid(8f3f18f8b3fb80a40b3cfdf892e9bdbf) Importer(815301076,1909f56bfc062723c751e8b465ee728b)
Start importing Assets/prefabs/enemy/green/GreenDamager.prefab using Guid(8f3f18f8b3fb80a40b3cfdf892e9bdbf) Importer(815301076,1909f56bfc062723c751e8b465ee728b)  -> (artifact id: '201ced3e83adb505af3a0b5c8586f0be') in 0.027112 seconds 
========================================================================
Received Import Request.
  Time since last request: 20.057188 seconds.
  path: Assets/prefabs/player/PLAYER.prefab
  artifactKey: Guid(a0fd3d59d28de274585a9b3f112e95f8) Importer(815301076,1909f56bfc062723c751e8b465ee728b)
Start importing Assets/prefabs/player/PLAYER.prefab using Guid(a0fd3d59d28de274585a9b3f112e95f8) Importer(815301076,1909f56bfc062723c751e8b465ee728b) You are trying to create a MonoBehaviour using the 'new' keyword.  This is not allowed.  MonoBehaviours can only be added using AddComponent(). Alternatively, your script can inherit from ScriptableObject or no base class at all
UnityEngine.StackTraceUtility:ExtractStackTrace ()
UnityEngine.MonoBehaviour:.ctor ()
PlayerMove:.ctor ()
Player:.ctor () (at Assets/scripts/player/Player.cs:36)

[Assets/scripts/player/Player.cs line 36]

You are trying to create a MonoBehaviour using the 'new' keyword.  This is not allowed.  MonoBehaviours can only be added using AddComponent(). Alternatively, your script can inherit from ScriptableObject or no base class at all
UnityEngine.StackTraceUtility:ExtractStackTrace ()
UnityEngine.MonoBehaviour:.ctor ()
PlayerMove:.ctor ()
Player:.ctor () (at Assets/scripts/player/Player.cs:36)
UnityEditor.EditorUtility:Internal_InstantiateRemoveAllNonAnimationComponentsSingle (UnityEngine.Object,UnityEngine.Vector3,UnityEngine.Quaternion)
UnityEditor.EditorUtility:InstantiateRemoveAllNonAnimationComponents (UnityEngine.Object,UnityEngine.Vector3,UnityEngine.Quaternion)
UnityEditor.EditorUtility:InstantiateForAnimatorPreview (UnityEngine.Object)
UnityEditor.GameObjectInspector/PreviewData:UpdateGameObject (UnityEngine.Object)
UnityEditor.GameObjectInspector/PreviewData:.ctor (UnityEngine.Object)
UnityEditor.GameObjectInspector:GetPreviewData ()
UnityEditor.GameObjectInspector:RenderStaticPreview (string,UnityEngine.Object[],int,int)
UnityEditor.AssetPreviewUpdater:CreatePreview (UnityEngine.Object,UnityEngine.Object[],string,int,int)
UnityEditor.AssetPreviewUpdater:CreatePreviewForAsset (UnityEngine.Object,UnityEngine.Object[],string)

[Assets/scripts/player/Player.cs line 36]

Asset 'combatAbilityPoint': Transition 'AnyState -> Impact' in state 'AnyState' doesn't have an Exit Time or any condition, transition will be ignored
UnityEngine.StackTraceUtility:ExtractStackTrace ()
UnityEditor.EditorUtility:Internal_InstantiateRemoveAllNonAnimationComponentsSingle (UnityEngine.Object,UnityEngine.Vector3,UnityEngine.Quaternion)
UnityEditor.EditorUtility:InstantiateRemoveAllNonAnimationComponents (UnityEngine.Object,UnityEngine.Vector3,UnityEngine.Quaternion)
UnityEditor.EditorUtility:InstantiateForAnimatorPreview (UnityEngine.Object)
UnityEditor.GameObjectInspector/PreviewData:UpdateGameObject (UnityEngine.Object)
UnityEditor.GameObjectInspector/PreviewData:.ctor (UnityEngine.Object)
UnityEditor.GameObjectInspector:GetPreviewData ()
UnityEditor.GameObjectInspector:RenderStaticPreview (string,UnityEngine.Object[],int,int)
UnityEditor.AssetPreviewUpdater:CreatePreview (UnityEngine.Object,UnityEngine.Object[],string,int,int)
UnityEditor.AssetPreviewUpdater:CreatePreviewForAsset (UnityEngine.Object,UnityEngine.Object[],string)

[C:\buildslave\unity\build\Editor\Src\Animation\StateMachine.cpp line 1845]

 -> (artifact id: '0e2049a5ac8e1ca819c1b9c61388ef0b') in 1.156270 seconds 
========================================================================
Received Import Request.
  Time since last request: 18.007494 seconds.
  path: Assets/prefabs/CombatAbility/1
  artifactKey: Guid(4d580c0849bc57d4cad3130a0bb4fedf) Importer(815301076,1909f56bfc062723c751e8b465ee728b)
Start importing Assets/prefabs/CombatAbility/1 using Guid(4d580c0849bc57d4cad3130a0bb4fedf) Importer(815301076,1909f56bfc062723c751e8b465ee728b)  -> (artifact id: '7bdad5b5ef36ce72240e58a61db14005') in 0.006307 seconds 
========================================================================
Received Import Request.
  Time since last request: 69.597746 seconds.
  path: Assets/prefabs/CombatAbility/0
  artifactKey: Guid(98c2b73560b0f8748a6f8afc582c5328) Importer(815301076,1909f56bfc062723c751e8b465ee728b)
Start importing Assets/prefabs/CombatAbility/0 using Guid(98c2b73560b0f8748a6f8afc582c5328) Importer(815301076,1909f56bfc062723c751e8b465ee728b)  -> (artifact id: 'a795857ca0dd6735820fc0914a901926') in 0.008969 seconds 
========================================================================
Received Import Request.
  Time since last request: 18.161481 seconds.
  path: Assets/materials/combatAbility/red 1.mat
  artifactKey: Guid(4b005ac38e293544c869a626820fd741) Importer(815301076,1909f56bfc062723c751e8b465ee728b)
Start importing Assets/materials/combatAbility/red 1.mat using Guid(4b005ac38e293544c869a626820fd741) Importer(815301076,1909f56bfc062723c751e8b465ee728b)  -> (artifact id: '48bd6fc93d4da3b0934c740623826284') in 0.047992 seconds 
========================================================================
Received Import Request.
  Time since last request: 4.700824 seconds.
  path: Assets/materials/combatAbility/white.mat
  artifactKey: Guid(4b005ac38e293544c869a626820fd741) Importer(815301076,1909f56bfc062723c751e8b465ee728b)
Start importing Assets/materials/combatAbility/white.mat using Guid(4b005ac38e293544c869a626820fd741) Importer(815301076,1909f56bfc062723c751e8b465ee728b)  -> (artifact id: '1f08ff57486078b24819717b5125dcb1') in 0.016368 seconds 
========================================================================
Received Prepare
Registering precompiled user dll's ...
Registered in 0.006939 seconds.
Begin MonoManager ReloadAssembly
Symbol file LoadedFromMemory doesn't match image D:\Combination\Combination\Library\PackageCache\com.unity.visualscripting@1.7.8\Editor\VisualScripting.Core\Dependencies\YamlDotNet\Unity.VisualScripting.YamlDotNet.dll
Symbol file LoadedFromMemory doesn't match image D:\Combination\Combination\Library\PackageCache\com.unity.visualscripting@1.7.8\Editor\VisualScripting.Core\Dependencies\DotNetZip\Unity.VisualScripting.IonicZip.dll
Native extension for UWP target not found
Native extension for WindowsStandalone target not found
Native extension for Android target not found
Native extension for WebGL target not found
Refreshing native plugins compatible for Editor in 0.95 ms, found 3 plugins.
Preloading 0 native plugins for Editor in 0.00 ms.
Mono: successfully reloaded assembly
- Completed reload, in  1.510 seconds
Domain Reload Profiling:
	ReloadAssembly (1511ms)
		BeginReloadAssembly (172ms)
			ExecutionOrderSort (0ms)
			DisableScriptedObjects (9ms)
			BackupInstance (0ms)
			ReleaseScriptingObjects (0ms)
			CreateAndSetChildDomain (64ms)
		EndReloadAssembly (1217ms)
			LoadAssemblies (99ms)
			RebuildTransferFunctionScriptingTraits (0ms)
			SetupTypeCache (345ms)
			ReleaseScriptCaches (2ms)
			RebuildScriptCaches (63ms)
			SetupLoadedEditorAssemblies (568ms)
				LogAssemblyErrors (0ms)
				InitializePlatformSupportModulesInManaged (27ms)
				SetLoadedEditorAssemblies (1ms)
				RefreshPlugins (1ms)
				BeforeProcessingInitializeOnLoad (82ms)
				ProcessInitializeOnLoadAttributes (351ms)
				ProcessInitializeOnLoadMethodAttributes (104ms)
				AfterProcessingInitializeOnLoad (4ms)
				EditorAssembliesLoaded (0ms)
			ExecutionOrderSort2 (0ms)
			AwakeInstancesAfterBackupRestoration (30ms)
Platform modules already initialized, skipping
Refreshing native plugins compatible for Editor in 2.83 ms, found 3 plugins.
Preloading 0 native plugins for Editor in 0.00 ms.
Unloading 5436 Unused Serialized files (Serialized files now loaded: 0)
Unloading 40 unused Assets / (0.7 MB). Loaded Objects now: 6127.
Memory consumption went from 218.9 MB to 218.1 MB.
Total: 29.056900 ms (FindLiveObjects: 0.468500 ms CreateObjectMapping: 0.176200 ms MarkObjects: 27.960600 ms  DeleteObjects: 0.450300 ms)

AssetImportParameters requested are different than current active one (requested -> active):
  custom:video-decoder-ogg-theora: a1e56fd34408186e4bbccfd4996cb3dc -> 
  custom:container-muxer-webm: aa71ff27fc2769a1b78a27578f13a17b -> 
  custom:container-demuxer-webm: 4f35f7cbe854078d1ac9338744f61a02 -> 
  custom:video-encoder-webm-vp8: eb34c28f22e8b96e1ab97ce403110664 -> 
  custom:video-codec-MediaFoundation-h265: e54d7ab0439102e2317fc1e4b246158d -> 
  custom:audio-encoder-webm-vorbis: bf7c407c2cedff20999df2af8eb42d56 -> 
  custom:framework-win-MediaFoundation: 216162199b28c13a410421893ffa2e32 -> 
  custom:container-demuxer-ogg: 62fdf1f143b41e24485cea50d1cbac27 -> 
  custom:video-decoder-webm-vp8: 9c59270c3fd7afecdb556c50c9e8de78 -> 
  custom:audio-decoder-ogg-vorbis: bf7c407c2cedff20999df2af8eb42d56 -> 
========================================================================
Received Import Request.
  Time since last request: 87.098725 seconds.
  path: Assets/prefabs/CombatAbility/0/shotAbility_blank.prefab
  artifactKey: Guid(3bad95d38d9ff9e4c94291a0ab3bf55a) Importer(815301076,1909f56bfc062723c751e8b465ee728b)
Start importing Assets/prefabs/CombatAbility/0/shotAbility_blank.prefab using Guid(3bad95d38d9ff9e4c94291a0ab3bf55a) Importer(815301076,1909f56bfc062723c751e8b465ee728b)  -> (artifact id: '12d0fb9f3348c0591c3215f31f55237e') in 0.258290 seconds 
========================================================================
Received Import Request.
  Time since last request: 15.694354 seconds.
  path: Assets/prefabs/moveAbility/moveAbility_blank.prefab
  artifactKey: Guid(31a40eb9af7e8244ca4c30048187a08d) Importer(815301076,1909f56bfc062723c751e8b465ee728b)
Start importing Assets/prefabs/moveAbility/moveAbility_blank.prefab using Guid(31a40eb9af7e8244ca4c30048187a08d) Importer(815301076,1909f56bfc062723c751e8b465ee728b)  -> (artifact id: '3bf880ed0530298fbf6a5e6d62f31870') in 0.018297 seconds 
========================================================================
Received Import Request.
  Time since last request: 19.365783 seconds.
  path: Assets/models/envourment.fbx
  artifactKey: Guid(14159f478c7996949afcbe9519d7746e) Importer(815301076,1909f56bfc062723c751e8b465ee728b)
Start importing Assets/models/envourment.fbx using Guid(14159f478c7996949afcbe9519d7746e) Importer(815301076,1909f56bfc062723c751e8b465ee728b)  -> (artifact id: '55c0fe2f1c78ea2f85270d5d4e009e90') in 0.320065 seconds 
========================================================================
Received Import Request.
  Time since last request: 31.694976 seconds.
  path: Assets/models/gg_damager.fbx
  artifactKey: Guid(341ac1147bcd02849b90915353a37941) Importer(815301076,1909f56bfc062723c751e8b465ee728b)
Start importing Assets/models/gg_damager.fbx using Guid(341ac1147bcd02849b90915353a37941) Importer(815301076,1909f56bfc062723c751e8b465ee728b)  -> (artifact id: '924cb2e1fde86c3481325432f7c039a5') in 0.038491 seconds 
========================================================================
Received Import Request.
  Time since last request: 15.356341 seconds.
  path: Assets/models/gg_damager.fbx
  artifactKey: Guid(341ac1147bcd02849b90915353a37941) Importer(815301076,1909f56bfc062723c751e8b465ee728b)
Start importing Assets/models/gg_damager.fbx using Guid(341ac1147bcd02849b90915353a37941) Importer(815301076,1909f56bfc062723c751e8b465ee728b)  -> (artifact id: '37391dc1f92f92fdf8cf05d4efe8e2ec') in 0.028752 seconds 
========================================================================
Received Import Request.
  Time since last request: 9.269399 seconds.
  path: Assets/models/gg_damager.fbx
  artifactKey: Guid(341ac1147bcd02849b90915353a37941) Importer(815301076,1909f56bfc062723c751e8b465ee728b)
Start importing Assets/models/gg_damager.fbx using Guid(341ac1147bcd02849b90915353a37941) Importer(815301076,1909f56bfc062723c751e8b465ee728b)  -> (artifact id: 'fb3b6c6bc9d3007b0a13270820edce1c') in 0.026270 seconds 
========================================================================
Received Import Request.
  Time since last request: 7.763375 seconds.
  path: Assets/models/gg_damager.fbx
  artifactKey: Guid(341ac1147bcd02849b90915353a37941) Importer(815301076,1909f56bfc062723c751e8b465ee728b)
Start importing Assets/models/gg_damager.fbx using Guid(341ac1147bcd02849b90915353a37941) Importer(815301076,1909f56bfc062723c751e8b465ee728b)  -> (artifact id: 'e406d84f4c19d44ef1f510975fe6ac25') in 0.031508 seconds 
========================================================================
Received Import Request.
  Time since last request: 52.749933 seconds.
  path: Assets/models/gg_damager.fbx
  artifactKey: Guid(341ac1147bcd02849b90915353a37941) Importer(815301076,1909f56bfc062723c751e8b465ee728b)
Start importing Assets/models/gg_damager.fbx using Guid(341ac1147bcd02849b90915353a37941) Importer(815301076,1909f56bfc062723c751e8b465ee728b)  -> (artifact id: 'c53c2b72a327ab00f8a7a94850c191c0') in 0.028386 seconds 
========================================================================
Received Import Request.
  Time since last request: 4.435599 seconds.
  path: Assets/models/gg_damager.fbx
  artifactKey: Guid(341ac1147bcd02849b90915353a37941) Importer(815301076,1909f56bfc062723c751e8b465ee728b)
Start importing Assets/models/gg_damager.fbx using Guid(341ac1147bcd02849b90915353a37941) Importer(815301076,1909f56bfc062723c751e8b465ee728b)  -> (artifact id: '3d67ef72560f4a9a5773c275d6433f5a') in 0.029224 seconds 
========================================================================
Received Import Request.
  Time since last request: 140.018183 seconds.
  path: Assets/prefabs/CombatAbility/0/gg_damager_0.prefab
  artifactKey: Guid(be2258bef0d3b8948b9c8a37694c9cb0) Importer(815301076,1909f56bfc062723c751e8b465ee728b)
Start importing Assets/prefabs/CombatAbility/0/gg_damager_0.prefab using Guid(be2258bef0d3b8948b9c8a37694c9cb0) Importer(815301076,1909f56bfc062723c751e8b465ee728b)  -> (artifact id: '45b7bf11ea162ee59ebabaac4aeb1f32') in 0.018672 seconds 
========================================================================
Received Import Request.
  Time since last request: 118.679845 seconds.
  path: Assets/prefabs/enemy/blue/blue.prefab
  artifactKey: Guid(3cf923e0039cb3c48b96f61efd359403) Importer(815301076,1909f56bfc062723c751e8b465ee728b)
Start importing Assets/prefabs/enemy/blue/blue.prefab using Guid(3cf923e0039cb3c48b96f61efd359403) Importer(815301076,1909f56bfc062723c751e8b465ee728b)  -> (artifact id: '406d8458119abf752426ad34731c001d') in 0.112901 seconds 
========================================================================
Received Import Request.
  Time since last request: 6.899851 seconds.
  path: Assets/prefabs/enemy/blue/blueExplosion 1.prefab
  artifactKey: Guid(84da8e11d51eae14f90834761e490a0f) Importer(815301076,1909f56bfc062723c751e8b465ee728b)
Start importing Assets/prefabs/enemy/blue/blueExplosion 1.prefab using Guid(84da8e11d51eae14f90834761e490a0f) Importer(815301076,1909f56bfc062723c751e8b465ee728b)  -> (artifact id: '3c1f58e405b3e388d37e6e5efb34dcf7') in 0.016308 seconds 
========================================================================
Received Import Request.
  Time since last request: 28.189055 seconds.
  path: Assets/prefabs/CombatAbility/0/CombatExplosion0.prefab
  artifactKey: Guid(84da8e11d51eae14f90834761e490a0f) Importer(815301076,1909f56bfc062723c751e8b465ee728b)
Start importing Assets/prefabs/CombatAbility/0/CombatExplosion0.prefab using Guid(84da8e11d51eae14f90834761e490a0f) Importer(815301076,1909f56bfc062723c751e8b465ee728b)  -> (artifact id: 'cc6e41a2fd66c9e87bfef55d4bc090fe') in 0.015900 seconds 
========================================================================
Received Import Request.
  Time since last request: 48.610620 seconds.
  path: Assets/prefabs/enemy/blue/blueExplosion 1.prefab
  artifactKey: Guid(7acb95de42f88b647b60ede74270a060) Importer(815301076,1909f56bfc062723c751e8b465ee728b)
Start importing Assets/prefabs/enemy/blue/blueExplosion 1.prefab using Guid(7acb95de42f88b647b60ede74270a060) Importer(815301076,1909f56bfc062723c751e8b465ee728b)  -> (artifact id: '2e69653703b502f33cc368f49870ec81') in 0.011639 seconds 
========================================================================
Received Import Request.
  Time since last request: 10.212827 seconds.
  path: Assets/prefabs/CombatAbility/0/whiteexplosion.prefab
  artifactKey: Guid(7acb95de42f88b647b60ede74270a060) Importer(815301076,1909f56bfc062723c751e8b465ee728b)
Start importing Assets/prefabs/CombatAbility/0/whiteexplosion.prefab using Guid(7acb95de42f88b647b60ede74270a060) Importer(815301076,1909f56bfc062723c751e8b465ee728b)  -> (artifact id: '51143cfb8433f8e328555a739dc75ce3') in 0.016444 seconds 
========================================================================
Received Import Request.
  Time since last request: 29.463823 seconds.
  path: Assets/prefabs/CombatAbility/0/whiteexplosion.prefab
  artifactKey: Guid(7acb95de42f88b647b60ede74270a060) Importer(815301076,1909f56bfc062723c751e8b465ee728b)
Start importing Assets/prefabs/CombatAbility/0/whiteexplosion.prefab using Guid(7acb95de42f88b647b60ede74270a060) Importer(815301076,1909f56bfc062723c751e8b465ee728b)  -> (artifact id: '16c5a609ff47a79528ba4a592cf1a404') in 0.025911 seconds 
========================================================================
Received Import Request.
  Time since last request: 6.611034 seconds.
  path: Assets/prefabs/CombatAbility/0/gg_damager_0.prefab
  artifactKey: Guid(be2258bef0d3b8948b9c8a37694c9cb0) Importer(815301076,1909f56bfc062723c751e8b465ee728b)
Start importing Assets/prefabs/CombatAbility/0/gg_damager_0.prefab using Guid(be2258bef0d3b8948b9c8a37694c9cb0) Importer(815301076,1909f56bfc062723c751e8b465ee728b)  -> (artifact id: '9116f55f17c45a50dea39865e2e5f646') in 0.017665 seconds 
========================================================================
Received Import Request.
  Time since last request: 3.617669 seconds.
  path: Assets/DATA/CombatAbility/testCombatAbility.asset
  artifactKey: Guid(33367556707302d438f79619268c8ae7) Importer(815301076,1909f56bfc062723c751e8b465ee728b)
Start importing Assets/DATA/CombatAbility/testCombatAbility.asset using Guid(33367556707302d438f79619268c8ae7) Importer(815301076,1909f56bfc062723c751e8b465ee728b)  -> (artifact id: '2ecc3c76bd0a07a3ca39ace7002f0df4') in 0.011576 seconds 
========================================================================
Received Import Request.
  Time since last request: 21.610251 seconds.
  path: Assets/DATA/CombatAbility/CombatAbility 0.asset
  artifactKey: Guid(33367556707302d438f79619268c8ae7) Importer(815301076,1909f56bfc062723c751e8b465ee728b)
Start importing Assets/DATA/CombatAbility/CombatAbility 0.asset using Guid(33367556707302d438f79619268c8ae7) Importer(815301076,1909f56bfc062723c751e8b465ee728b)  -> (artifact id: 'ae932fdb51e9025d3baf805df4ddb83f') in 0.009669 seconds 
========================================================================
Received Import Request.
  Time since last request: 16.219890 seconds.
  path: Assets/DATA/CombatAbility/CombatAbilityData 0.asset
  artifactKey: Guid(33367556707302d438f79619268c8ae7) Importer(815301076,1909f56bfc062723c751e8b465ee728b)
Start importing Assets/DATA/CombatAbility/CombatAbilityData 0.asset using Guid(33367556707302d438f79619268c8ae7) Importer(815301076,1909f56bfc062723c751e8b465ee728b)  -> (artifact id: '9a44e3dba32da3f4419c0a02ff057aa0') in 0.010912 seconds 
========================================================================
Received Import Request.
  Time since last request: 22.202865 seconds.
  path: Assets/prefabs/enemy/red/red.prefab
  artifactKey: Guid(81e15a7943105b340a7bf061ec78b157) Importer(815301076,1909f56bfc062723c751e8b465ee728b)
Start importing Assets/prefabs/enemy/red/red.prefab using Guid(81e15a7943105b340a7bf061ec78b157) Importer(815301076,1909f56bfc062723c751e8b465ee728b)  -> (artifact id: 'e332d0d0873ed24cfb3c581537109672') in 0.256903 seconds 
========================================================================
Received Import Request.
  Time since last request: 0.000029 seconds.
  path: Assets/prefabs/envourment/wall4.prefab
  artifactKey: Guid(b04e5a91fc6d0124a8f9358d326870bd) Importer(815301076,1909f56bfc062723c751e8b465ee728b)
Start importing Assets/prefabs/envourment/wall4.prefab using Guid(b04e5a91fc6d0124a8f9358d326870bd) Importer(815301076,1909f56bfc062723c751e8b465ee728b)  -> (artifact id: '1952238a128580e64f1c7fbc5e94e797') in 0.069208 seconds 
========================================================================
Received Import Request.
  Time since last request: 0.000038 seconds.
  path: Assets/prefabs/envourment/wall2.prefab
  artifactKey: Guid(2df96ee65f0641d42b8455a0f3d763d6) Importer(815301076,1909f56bfc062723c751e8b465ee728b)
Start importing Assets/prefabs/envourment/wall2.prefab using Guid(2df96ee65f0641d42b8455a0f3d763d6) Importer(815301076,1909f56bfc062723c751e8b465ee728b)  -> (artifact id: '2c58c2eb1014ab395ae7de8fbd9fffe3') in 0.014697 seconds 
========================================================================
Received Import Request.
  Time since last request: 0.000021 seconds.
  path: Assets/prefabs/envourment/wall1.prefab
  artifactKey: Guid(24dad9a7ec9a4a74bb9726aba4f79a80) Importer(815301076,1909f56bfc062723c751e8b465ee728b)
Start importing Assets/prefabs/envourment/wall1.prefab using Guid(24dad9a7ec9a4a74bb9726aba4f79a80) Importer(815301076,1909f56bfc062723c751e8b465ee728b)  -> (artifact id: '042de664e58bc7dba040f98f7ac3e454') in 0.018048 seconds 
========================================================================
Received Import Request.
  Time since last request: 0.000029 seconds.
  path: Assets/prefabs/enemy/yellow/yellowBigExplosion.prefab
  artifactKey: Guid(72eb1ef2ebfc61244a4cf6734318ac36) Importer(815301076,1909f56bfc062723c751e8b465ee728b)
Start importing Assets/prefabs/enemy/yellow/yellowBigExplosion.prefab using Guid(72eb1ef2ebfc61244a4cf6734318ac36) Importer(815301076,1909f56bfc062723c751e8b465ee728b)  -> (artifact id: 'dd33b53ca6135c01ac30d2ea7c89fa12') in 0.067402 seconds 
========================================================================
Received Import Request.
  Time since last request: 0.000026 seconds.
  path: Assets/prefabs/enemy/yellow/yellowDamager .prefab
  artifactKey: Guid(88e800aaf83cbb7479c349935c3973f5) Importer(815301076,1909f56bfc062723c751e8b465ee728b)
Start importing Assets/prefabs/enemy/yellow/yellowDamager .prefab using Guid(88e800aaf83cbb7479c349935c3973f5) Importer(815301076,1909f56bfc062723c751e8b465ee728b)  -> (artifact id: '383ae35f708567163bddbb07d3efa366') in 0.094952 seconds 
========================================================================
Received Import Request.
  Time since last request: 0.000032 seconds.
  path: Assets/prefabs/enemy/yellow/yellowExplosion .prefab
  artifactKey: Guid(4b61369ef6ce58f409ea9eb4c88d94ed) Importer(815301076,1909f56bfc062723c751e8b465ee728b)
Start importing Assets/prefabs/enemy/yellow/yellowExplosion .prefab using Guid(4b61369ef6ce58f409ea9eb4c88d94ed) Importer(815301076,1909f56bfc062723c751e8b465ee728b)  -> (artifact id: '85ee07a700bc63be56c2f78b9f9c7e2a') in 0.018582 seconds 
========================================================================
Received Import Request.
  Time since last request: 6.402533 seconds.
  path: Assets/prefabs/player/PLAYER.prefab
  artifactKey: Guid(a0fd3d59d28de274585a9b3f112e95f8) Importer(815301076,1909f56bfc062723c751e8b465ee728b)
Start importing Assets/prefabs/player/PLAYER.prefab using Guid(a0fd3d59d28de274585a9b3f112e95f8) Importer(815301076,1909f56bfc062723c751e8b465ee728b) You are trying to create a MonoBehaviour using the 'new' keyword.  This is not allowed.  MonoBehaviours can only be added using AddComponent(). Alternatively, your script can inherit from ScriptableObject or no base class at all
UnityEngine.StackTraceUtility:ExtractStackTrace ()
UnityEngine.MonoBehaviour:.ctor ()
PlayerMove:.ctor ()
Player:.ctor () (at Assets/scripts/player/Player.cs:36)

[Assets/scripts/player/Player.cs line 36]

You are trying to create a MonoBehaviour using the 'new' keyword.  This is not allowed.  MonoBehaviours can only be added using AddComponent(). Alternatively, your script can inherit from ScriptableObject or no base class at all
UnityEngine.StackTraceUtility:ExtractStackTrace ()
UnityEngine.MonoBehaviour:.ctor ()
PlayerMove:.ctor ()
Player:.ctor () (at Assets/scripts/player/Player.cs:36)
UnityEditor.EditorUtility:Internal_InstantiateRemoveAllNonAnimationComponentsSingle (UnityEngine.Object,UnityEngine.Vector3,UnityEngine.Quaternion)
UnityEditor.EditorUtility:InstantiateRemoveAllNonAnimationComponents (UnityEngine.Object,UnityEngine.Vector3,UnityEngine.Quaternion)
UnityEditor.EditorUtility:InstantiateForAnimatorPreview (UnityEngine.Object)
UnityEditor.GameObjectInspector/PreviewData:UpdateGameObject (UnityEngine.Object)
UnityEditor.GameObjectInspector/PreviewData:.ctor (UnityEngine.Object)
UnityEditor.GameObjectInspector:GetPreviewData ()
UnityEditor.GameObjectInspector:RenderStaticPreview (string,UnityEngine.Object[],int,int)
UnityEditor.AssetPreviewUpdater:CreatePreview (UnityEngine.Object,UnityEngine.Object[],string,int,int)
UnityEditor.AssetPreviewUpdater:CreatePreviewForAsset (UnityEngine.Object,UnityEngine.Object[],string)

[Assets/scripts/player/Player.cs line 36]

Asset 'combatAbilityPoint': Transition 'AnyState -> Impact' in state 'AnyState' doesn't have an Exit Time or any condition, transition will be ignored
UnityEngine.StackTraceUtility:ExtractStackTrace ()
UnityEditor.EditorUtility:Internal_InstantiateRemoveAllNonAnimationComponentsSingle (UnityEngine.Object,UnityEngine.Vector3,UnityEngine.Quaternion)
UnityEditor.EditorUtility:InstantiateRemoveAllNonAnimationComponents (UnityEngine.Object,UnityEngine.Vector3,UnityEngine.Quaternion)
UnityEditor.EditorUtility:InstantiateForAnimatorPreview (UnityEngine.Object)
UnityEditor.GameObjectInspector/PreviewData:UpdateGameObject (UnityEngine.Object)
UnityEditor.GameObjectInspector/PreviewData:.ctor (UnityEngine.Object)
UnityEditor.GameObjectInspector:GetPreviewData ()
UnityEditor.GameObjectInspector:RenderStaticPreview (string,UnityEngine.Object[],int,int)
UnityEditor.AssetPreviewUpdater:CreatePreview (UnityEngine.Object,UnityEngine.Object[],string,int,int)
UnityEditor.AssetPreviewUpdater:CreatePreviewForAsset (UnityEngine.Object,UnityEngine.Object[],string)

[C:\buildslave\unity\build\Editor\Src\Animation\StateMachine.cpp line 1845]

 -> (artifact id: 'fca5586ab299d288be1d006a525f758c') in 0.115720 seconds 
========================================================================
Received Import Request.
  Time since last request: 1.015196 seconds.
  path: Assets/prefabs/envourment/colume3.prefab
  artifactKey: Guid(2a6682eaa12d30442926c1a9542d3827) Importer(815301076,1909f56bfc062723c751e8b465ee728b)
Start importing Assets/prefabs/envourment/colume3.prefab using Guid(2a6682eaa12d30442926c1a9542d3827) Importer(815301076,1909f56bfc062723c751e8b465ee728b)  -> (artifact id: 'c8f8df992ffe22f98ac9c798507d3d3b') in 0.034588 seconds 
Editor requested this worker to shutdown with reason: Scaling down because of idle timeout
AssetImportWorker is now disconnected from the server
Process exiting
Exiting without the bug reporter. Application will terminate with return code 0